2026-05-26 19:32:15: ============================================
2026-05-26 19:32:15:   企业网盘管理系统 v1.0.0
2026-05-26 19:32:15:   Cloud Drive Management System
2026-05-26 19:32:15: ============================================
2026-05-26 19:32:15:   服务地址: http://localhost:3000
2026-05-26 19:32:15:   API地址:  http://localhost:3000/api
2026-05-26 19:32:15:   管理后台: http://localhost:3000/admin
2026-05-26 19:32:15:   运行环境: production
2026-05-26 19:32:15: ============================================
2026-05-26 19:32:15:   启动时间: 2026/5/26 19:32:15
2026-05-26 19:32:15: ============================================
2026-05-26 19:32:15: [DB] 数据库连接成功
2026-05-26 19:32:19: [2026-05-26T11:32:19.775Z] GET /api/health 200 129 - 3.667 ms
2026-05-27 13:56:25: [2026-05-27T05:56:25.811Z] GET / 200 4247 - 10.907 ms
2026-05-27 13:56:25: [2026-05-27T05:56:25.895Z] GET /dashboard.html 304 - - 0.989 ms
2026-05-27 13:56:25: [2026-05-27T05:56:25.975Z] GET /css/style.css 304 - - 0.312 ms
2026-05-27 13:56:25: [2026-05-27T05:56:25.978Z] GET /js/api.js 304 - - 0.510 ms
2026-05-27 13:56:25: [2026-05-27T05:56:25.978Z] GET /js/auth.js 304 - - 0.616 ms
2026-05-27 13:56:26: [2026-05-27T05:56:26.028Z] GET /api/files/storage/stats 304 - - 16.887 ms
2026-05-27 13:56:26: [2026-05-27T05:56:26.098Z] GET /favicon.ico 304 - - 1.968 ms
2026-05-27 13:56:26: [2026-05-27T05:56:26.100Z] GET /api/files/recent?limit=15 304 - - 3.674 ms
2026-05-27 13:56:28: [2026-05-27T05:56:28.077Z] GET /file-manager.html 304 - - 0.615 ms
2026-05-27 13:56:28: [2026-05-27T05:56:28.114Z] GET /css/style.css 304 - - 0.578 ms
2026-05-27 13:56:28: [2026-05-27T05:56:28.123Z] GET /js/api.js 304 - - 1.050 ms
2026-05-27 13:56:28: [2026-05-27T05:56:28.124Z] GET /js/auth.js 304 - - 0.773 ms
2026-05-27 13:56:28: [2026-05-27T05:56:28.289Z] GET /api/files?page=1&pageSize=50&sort=updated_at&order=desc 304 - - 7.525 ms
2026-05-27 13:56:28: [2026-05-27T05:56:28.316Z] GET /favicon.ico 304 - - 0.867 ms
2026-05-27 13:56:28: [2026-05-27T05:56:28.853Z] GET /dashboard.html 304 - - 0.598 ms
2026-05-27 13:56:28: [2026-05-27T05:56:28.882Z] GET /css/style.css 304 - - 0.399 ms
2026-05-27 13:56:28: [2026-05-27T05:56:28.884Z] GET /js/auth.js 304 - - 0.289 ms
2026-05-27 13:56:28: [2026-05-27T05:56:28.884Z] GET /js/api.js 304 - - 0.319 ms
2026-05-27 13:56:28: [2026-05-27T05:56:28.898Z] GET /api/files/storage/stats 304 - - 2.358 ms
2026-05-27 13:56:28: [2026-05-27T05:56:28.925Z] GET /api/files/recent?limit=15 304 - - 2.371 ms
2026-05-27 13:56:28: [2026-05-27T05:56:28.929Z] GET /favicon.ico 304 - - 0.440 ms
2026-05-27 13:56:29: [2026-05-27T05:56:29.409Z] GET /file-manager.html 304 - - 0.325 ms
2026-05-27 13:56:29: [2026-05-27T05:56:29.443Z] GET /css/style.css 304 - - 0.816 ms
2026-05-27 13:56:29: [2026-05-27T05:56:29.443Z] GET /js/api.js 304 - - 0.880 ms
2026-05-27 13:56:29: [2026-05-27T05:56:29.444Z] GET /js/auth.js 304 - - 0.423 ms
2026-05-27 13:56:29: [2026-05-27T05:56:29.616Z] GET /api/files?page=1&pageSize=50&sort=updated_at&order=desc 304 - - 3.653 ms
2026-05-27 13:56:29: [2026-05-27T05:56:29.661Z] GET /favicon.ico 304 - - 1.004 ms
2026-05-27 13:56:37: [2026-05-27T05:56:37.667Z] GET /file-manager.html?type=recent 304 - - 0.290 ms
2026-05-27 13:56:37: [2026-05-27T05:56:37.714Z] GET /css/style.css 304 - - 0.917 ms
2026-05-27 13:56:37: [2026-05-27T05:56:37.725Z] GET /js/api.js 304 - - 0.366 ms
2026-05-27 13:56:37: [2026-05-27T05:56:37.725Z] GET /js/auth.js 304 - - 0.315 ms
2026-05-27 13:56:37: [2026-05-27T05:56:37.868Z] GET /api/files/recent?limit=50 304 - - 2.346 ms
2026-05-27 13:56:37: [2026-05-27T05:56:37.896Z] GET /favicon.ico 304 - - 0.548 ms
2026-05-27 13:56:38: [2026-05-27T05:56:38.370Z] GET /file-manager.html?type=shared 304 - - 0.663 ms
2026-05-27 13:56:38: [2026-05-27T05:56:38.407Z] GET /css/style.css 304 - - 0.308 ms
2026-05-27 13:56:38: [2026-05-27T05:56:38.414Z] GET /js/auth.js 304 - - 0.565 ms
2026-05-27 13:56:38: [2026-05-27T05:56:38.414Z] GET /js/api.js 304 - - 0.571 ms
2026-05-27 13:56:38: [2026-05-27T05:56:38.669Z] GET /api/files/shared 304 - - 3.645 ms
2026-05-27 13:56:38: [2026-05-27T05:56:38.690Z] GET /favicon.ico 304 - - 1.106 ms
2026-05-27 13:56:39: [2026-05-27T05:56:39.338Z] GET /admin/groups.html 304 - - 0.290 ms
2026-05-27 13:56:39: [2026-05-27T05:56:39.379Z] GET /css/style.css 304 - - 0.356 ms
2026-05-27 13:56:39: [2026-05-27T05:56:39.385Z] GET /js/api.js 304 - - 0.670 ms
2026-05-27 13:56:39: [2026-05-27T05:56:39.385Z] GET /js/auth.js 304 - - 0.963 ms
2026-05-27 13:56:39: [2026-05-27T05:56:39.395Z] GET /api/groups?page=1&pageSize=20&keyword= 304 - - 4.098 ms
2026-05-27 13:56:39: [2026-05-27T05:56:39.419Z] GET /favicon.ico 304 - - 0.631 ms
2026-05-27 13:56:40: [2026-05-27T05:56:40.417Z] GET /api/files/storage/stats 304 - - 3.067 ms
2026-05-27 13:56:40: [2026-05-27T05:56:40.427Z] GET /api/groups?page=1&pageSize=100 304 - - 3.781 ms
2026-05-27 13:56:40: [2026-05-27T05:56:40.434Z] GET /api/files/storage/group-stats/1 304 - - 3.480 ms
2026-05-27 13:56:43: [2026-05-27T05:56:43.538Z] GET /admin/users.html 304 - - 0.351 ms
2026-05-27 13:56:43: [2026-05-27T05:56:43.582Z] GET /css/style.css 304 - - 0.427 ms
2026-05-27 13:56:43: [2026-05-27T05:56:43.592Z] GET /js/api.js 304 - - 1.686 ms
2026-05-27 13:56:43: [2026-05-27T05:56:43.593Z] GET /js/auth.js 304 - - 1.213 ms
2026-05-27 13:56:43: [2026-05-27T05:56:43.601Z] GET /api/users?page=1&pageSize=20&keyword=&role=&status= 304 - - 3.126 ms
2026-05-27 13:56:43: [2026-05-27T05:56:43.637Z] GET /favicon.ico 304 - - 0.396 ms
2026-05-27 13:56:45: [2026-05-27T05:56:45.338Z] GET /dashboard.html 304 - - 0.291 ms
2026-05-27 13:56:45: [2026-05-27T05:56:45.383Z] GET /css/style.css 304 - - 0.311 ms
2026-05-27 13:56:45: [2026-05-27T05:56:45.388Z] GET /js/auth.js 304 - - 0.534 ms
2026-05-27 13:56:45: [2026-05-27T05:56:45.389Z] GET /js/api.js 304 - - 0.511 ms
2026-05-27 13:56:45: [2026-05-27T05:56:45.409Z] GET /api/files/storage/stats 304 - - 3.379 ms
2026-05-27 13:56:45: [2026-05-27T05:56:45.427Z] GET /api/files/recent?limit=15 304 - - 1.926 ms
2026-05-27 13:56:45: [2026-05-27T05:56:45.431Z] GET /favicon.ico 304 - - 0.551 ms
2026-05-27 13:56:46: [2026-05-27T05:56:46.238Z] GET /admin/groups.html 304 - - 0.293 ms
2026-05-27 13:56:46: [2026-05-27T05:56:46.270Z] GET /css/style.css 304 - - 0.307 ms
2026-05-27 13:56:46: [2026-05-27T05:56:46.272Z] GET /js/api.js 304 - - 0.232 ms
2026-05-27 13:56:46: [2026-05-27T05:56:46.277Z] GET /js/auth.js 304 - - 0.322 ms
2026-05-27 13:56:46: [2026-05-27T05:56:46.296Z] GET /api/groups?page=1&pageSize=20&keyword= 304 - - 2.894 ms
2026-05-27 13:56:46: [2026-05-27T05:56:46.309Z] GET /favicon.ico 304 - - 0.541 ms
2026-05-27 13:56:47: [2026-05-27T05:56:47.523Z] GET /admin/users.html 304 - - 0.279 ms
2026-05-27 13:56:47: [2026-05-27T05:56:47.560Z] GET /css/style.css 304 - - 0.258 ms
2026-05-27 13:56:47: [2026-05-27T05:56:47.566Z] GET /js/api.js 304 - - 0.340 ms
2026-05-27 13:56:47: [2026-05-27T05:56:47.569Z] GET /js/auth.js 304 - - 0.634 ms
2026-05-27 13:56:47: [2026-05-27T05:56:47.591Z] GET /api/users?page=1&pageSize=20&keyword=&role=&status= 304 - - 1.916 ms
2026-05-27 13:56:47: [2026-05-27T05:56:47.613Z] GET /favicon.ico 304 - - 0.417 ms
2026-05-27 13:56:48: [2026-05-27T05:56:48.403Z] GET /api/files/storage/stats 304 - - 3.631 ms
2026-05-27 13:56:48: [2026-05-27T05:56:48.411Z] GET /api/groups?page=1&pageSize=100 304 - - 2.742 ms
2026-05-27 13:56:48: [2026-05-27T05:56:48.418Z] GET /api/files/storage/group-stats/1 304 - - 3.564 ms
2026-05-27 13:57:23: [2026-05-27T05:57:23.884Z] GET /file-manager.html 304 - - 0.291 ms
2026-05-27 13:57:23: [2026-05-27T05:57:23.924Z] GET /css/style.css 304 - - 0.763 ms
2026-05-27 13:57:23: [2026-05-27T05:57:23.927Z] GET /js/api.js 304 - - 0.664 ms
2026-05-27 13:57:23: [2026-05-27T05:57:23.927Z] GET /js/auth.js 304 - - 0.579 ms
2026-05-27 13:57:24: [2026-05-27T05:57:24.205Z] GET /api/files?page=1&pageSize=50&sort=updated_at&order=desc 304 - - 3.095 ms
2026-05-27 13:57:24: [2026-05-27T05:57:24.224Z] GET /favicon.ico 304 - - 0.639 ms
2026-05-27 13:57:24: [2026-05-27T05:57:24.326Z] GET /dashboard.html 304 - - 0.212 ms
2026-05-27 13:57:24: [2026-05-27T05:57:24.353Z] GET /css/style.css 304 - - 0.302 ms
2026-05-27 13:57:24: [2026-05-27T05:57:24.358Z] GET /js/api.js 304 - - 0.274 ms
2026-05-27 13:57:24: [2026-05-27T05:57:24.358Z] GET /js/auth.js 304 - - 0.264 ms
2026-05-27 13:57:24: [2026-05-27T05:57:24.371Z] GET /api/files/storage/stats 304 - - 2.784 ms
2026-05-27 13:57:24: [2026-05-27T05:57:24.399Z] GET /favicon.ico 304 - - 1.661 ms
2026-05-27 13:57:24: [2026-05-27T05:57:24.400Z] GET /api/files/recent?limit=15 304 - - 3.370 ms
2026-05-27 14:21:18: [2026-05-27T06:21:18.787Z] GET /api/health 200 133 - 1.064 ms
2026-05-27 14:21:50: ============================================
2026-05-27 14:21:50:   企业网盘管理系统 v1.0.0
2026-05-27 14:21:50:   Cloud Drive Management System
2026-05-27 14:21:50: ============================================
2026-05-27 14:21:50:   服务地址: http://localhost:3000
2026-05-27 14:21:50:   API地址:  http://localhost:3000/api
2026-05-27 14:21:50:   管理后台: http://localhost:3000/admin
2026-05-27 14:21:50:   运行环境: production
2026-05-27 14:21:50: ============================================
2026-05-27 14:21:50:   启动时间: 2026/5/27 14:21:50
2026-05-27 14:21:50: ============================================
2026-05-27 14:21:50: [DB] 数据库连接成功
2026-05-27 14:21:55: ============================================
2026-05-27 14:21:55:   企业网盘管理系统 v1.0.0
2026-05-27 14:21:55:   Cloud Drive Management System
2026-05-27 14:21:55: ============================================
2026-05-27 14:21:55:   服务地址: http://localhost:3000
2026-05-27 14:21:55:   API地址:  http://localhost:3000/api
2026-05-27 14:21:55:   管理后台: http://localhost:3000/admin
2026-05-27 14:21:55:   运行环境: production
2026-05-27 14:21:55: ============================================
2026-05-27 14:21:55:   启动时间: 2026/5/27 14:21:55
2026-05-27 14:21:55: ============================================
2026-05-27 14:21:55: [DB] 数据库连接成功
2026-05-27 14:21:58: [2026-05-27T06:21:58.182Z] GET /api/health 200 129 - 3.623 ms
2026-05-27 14:22:28: ============================================
2026-05-27 14:22:28:   企业网盘管理系统 v1.0.0
2026-05-27 14:22:28:   Cloud Drive Management System
2026-05-27 14:22:28: ============================================
2026-05-27 14:22:28:   服务地址: http://localhost:3000
2026-05-27 14:22:28:   API地址:  http://localhost:3000/api
2026-05-27 14:22:28:   管理后台: http://localhost:3000/admin
2026-05-27 14:22:28:   运行环境: production
2026-05-27 14:22:28: ============================================
2026-05-27 14:22:28:   启动时间: 2026/5/27 14:22:28
2026-05-27 14:22:28: ============================================
2026-05-27 14:22:28: [DB] 数据库连接成功
2026-05-27 14:22:31: [2026-05-27T06:22:31.269Z] GET /api/health 200 129 - 4.064 ms
2026-05-27 14:22:31: [2026-05-27T06:22:31.289Z] HEAD / 200 4247 - 0.772 ms
2026-05-27 14:22:33: [2026-05-27T06:22:33.149Z] HEAD /api/health 200 129 - 0.790 ms
2026-05-27 14:22:47: [2026-05-27T06:22:47.664Z] GET / 200 4247 - 1.677 ms
2026-05-27 14:25:40: [2026-05-27T06:25:40.772Z] GET /login.html 200 8243 - 1.271 ms
2026-05-27 14:25:43: [2026-05-27T06:25:43.548Z] GET /login.html 304 - - 0.967 ms
2026-05-27 14:25:44: [2026-05-27T06:25:44.181Z] GET /login.html 304 - - 0.840 ms
2026-05-27 14:25:44: [2026-05-27T06:25:44.361Z] GET /login.html 304 - - 0.322 ms
2026-05-27 14:25:44: [2026-05-27T06:25:44.532Z] GET /login.html 304 - - 0.654 ms
2026-05-27 14:26:40: [2026-05-27T06:26:40.087Z] GET /login.html 304 - - 0.642 ms
2026-05-27 14:26:44: [2026-05-27T06:26:44.556Z] GET / 304 - - 0.780 ms
2026-05-27 14:29:46: [2026-05-27T06:29:46.979Z] GET /file-manager.html?type=shared 304 - - 0.370 ms
2026-05-27 14:29:47: [2026-05-27T06:29:47.034Z] GET /css/style.css 304 - - 0.415 ms
2026-05-27 14:29:47: [2026-05-27T06:29:47.036Z] GET /js/api.js 304 - - 0.559 ms
2026-05-27 14:29:47: [2026-05-27T06:29:47.036Z] GET /js/auth.js 304 - - 1.036 ms
2026-05-27 14:29:47: [2026-05-27T06:29:47.217Z] GET /favicon.ico 304 - - 0.692 ms
2026-05-27 14:29:52: [2026-05-27T06:29:52.510Z] GET /file-manager.html?type=shared 304 - - 0.339 ms
2026-05-27 14:29:52: [2026-05-27T06:29:52.528Z] GET /css/style.css 304 - - 0.327 ms
2026-05-27 14:29:52: [2026-05-27T06:29:52.532Z] GET /js/api.js 304 - - 0.923 ms
2026-05-27 14:29:52: [2026-05-27T06:29:52.532Z] GET /js/auth.js 304 - - 0.633 ms
2026-05-27 14:29:52: [2026-05-27T06:29:52.575Z] GET /favicon.ico 304 - - 0.675 ms
2026-05-27 14:31:45: ============================================
2026-05-27 14:31:45:   企业网盘管理系统 v1.0.0
2026-05-27 14:31:45:   Cloud Drive Management System
2026-05-27 14:31:45: ============================================
2026-05-27 14:31:45:   HTTPS 地址: https://192.168.101.26:3000
2026-05-27 14:31:45:   HTTPS 地址: https://192.168.101.26:3443
2026-05-27 14:31:45:   API地址:  http://localhost:3000/api
2026-05-27 14:31:45:   管理后台: http://localhost:3000/admin
2026-05-27 14:31:45:   运行环境: production
2026-05-27 14:31:45:   SSL: 已启用
2026-05-27 14:31:45: ============================================
2026-05-27 14:31:45:   启动时间: 2026/5/27 14:31:45
2026-05-27 14:31:45: ============================================
2026-05-27 14:31:45:   HTTP:  http://localhost:3000
2026-05-27 14:31:45:   HTTPS: https://localhost:3443
2026-05-27 14:31:45: [DB] 数据库连接成功
2026-05-27 14:32:07: [2026-05-27T06:32:07.804Z] GET /api/health 200 130 - 3.590 ms
2026-05-27 14:32:07: [2026-05-27T06:32:07.837Z] HEAD / 200 4247 - 0.909 ms
2026-05-27 14:32:17: ============================================
2026-05-27 14:32:17:   企业网盘管理系统 v1.0.0
2026-05-27 14:32:17:   Cloud Drive Management System
2026-05-27 14:32:17: ============================================
2026-05-27 14:32:17:   HTTP:  http://192.168.101.26:3000
2026-05-27 14:32:17:   HTTPS: https://192.168.101.26:3443
2026-05-27 14:32:17:   API地址:  http://localhost:3000/api
2026-05-27 14:32:17:   管理后台: http://localhost:3000/admin
2026-05-27 14:32:17:   运行环境: production
2026-05-27 14:32:17:   SSL: 已启用
2026-05-27 14:32:17: ============================================
2026-05-27 14:32:17:   启动时间: 2026/5/27 14:32:17
2026-05-27 14:32:17: ============================================
2026-05-27 14:32:17:   HTTP:  http://localhost:3000
2026-05-27 14:32:17:   HTTPS: https://localhost:3443
2026-05-27 14:32:17: [DB] 数据库连接成功
2026-05-27 14:32:51: [2026-05-27T06:32:51.092Z] GET / 200 4247 - 2.764 ms
2026-05-27 14:32:51: [2026-05-27T06:32:51.514Z] GET /favicon.ico 200 4247 - 1.308 ms
2026-05-27 14:32:53: [2026-05-27T06:32:53.183Z] GET /login.html 200 8243 - 1.157 ms
2026-05-27 14:32:53: [2026-05-27T06:32:53.230Z] GET /css/style.css 200 18496 - 0.697 ms
2026-05-27 14:32:53: [2026-05-27T06:32:53.236Z] GET /js/api.js 200 6658 - 0.744 ms
2026-05-27 14:32:53: [2026-05-27T06:32:53.238Z] GET /js/auth.js 200 3739 - 0.394 ms
2026-05-27 14:32:53: [2026-05-27T06:32:53.287Z] GET /favicon.ico 304 - - 0.816 ms
2026-05-27 14:32:56: [2026-05-27T06:32:56.523Z] GET /favicon.ico 304 - - 0.695 ms
2026-05-27 14:32:58: [2026-05-27T06:32:58.221Z] GET /login.html 304 - - 0.396 ms
2026-05-27 14:32:58: [2026-05-27T06:32:58.259Z] GET /css/style.css 304 - - 0.450 ms
2026-05-27 14:32:58: [2026-05-27T06:32:58.261Z] GET /js/api.js 304 - - 0.235 ms
2026-05-27 14:32:58: [2026-05-27T06:32:58.262Z] GET /js/auth.js 304 - - 0.224 ms
2026-05-27 14:32:58: [2026-05-27T06:32:58.295Z] GET /favicon.ico 304 - - 0.521 ms
2026-05-27 14:33:09: [2026-05-27T06:33:09.011Z] GET /favicon.ico 304 - - 0.573 ms
2026-05-27 14:33:09: [2026-05-27T06:33:09.992Z] GET /login.html 304 - - 1.129 ms
2026-05-27 14:33:10: [2026-05-27T06:33:10.039Z] GET /css/style.css 304 - - 0.475 ms
2026-05-27 14:33:10: [2026-05-27T06:33:10.041Z] GET /js/api.js 304 - - 0.182 ms
2026-05-27 14:33:10: [2026-05-27T06:33:10.042Z] GET /js/auth.js 304 - - 0.259 ms
2026-05-27 14:33:10: [2026-05-27T06:33:10.074Z] GET /favicon.ico 304 - - 0.482 ms
2026-05-27 14:33:13: [2026-05-27T06:33:13.618Z] GET /favicon.ico 304 - - 0.614 ms
2026-05-27 14:33:14: [2026-05-27T06:33:14.388Z] GET /login.html 304 - - 0.286 ms
2026-05-27 14:33:14: [2026-05-27T06:33:14.425Z] GET /css/style.css 304 - - 0.312 ms
2026-05-27 14:33:14: [2026-05-27T06:33:14.429Z] GET /js/api.js 304 - - 2.106 ms
2026-05-27 14:33:14: [2026-05-27T06:33:14.430Z] GET /js/auth.js 304 - - 0.258 ms
2026-05-27 14:33:14: [2026-05-27T06:33:14.464Z] GET /favicon.ico 304 - - 0.564 ms
2026-05-27 14:33:31: [2026-05-27T06:33:31.291Z] GET /login.html? 200 8243 - 0.511 ms
2026-05-27 14:33:31: [2026-05-27T06:33:31.323Z] GET /css/style.css 304 - - 0.285 ms
2026-05-27 14:33:31: [2026-05-27T06:33:31.330Z] GET /js/api.js 304 - - 0.387 ms
2026-05-27 14:33:31: [2026-05-27T06:33:31.340Z] GET /js/auth.js 304 - - 0.406 ms
2026-05-27 14:33:31: [2026-05-27T06:33:31.375Z] GET /favicon.ico 304 - - 0.486 ms
2026-05-27 14:33:36: [2026-05-27T06:33:36.083Z] GET /css/style.css 304 - - 0.365 ms
2026-05-27 14:33:45: [2026-05-27T06:33:45.452Z] GET /login.html? 200 8243 - 0.862 ms
2026-05-27 14:33:45: [2026-05-27T06:33:45.483Z] GET /css/style.css 200 18496 - 0.694 ms
2026-05-27 14:33:45: [2026-05-27T06:33:45.491Z] GET /js/api.js 200 6658 - 1.963 ms
2026-05-27 14:33:45: [2026-05-27T06:33:45.491Z] GET /js/auth.js 200 3739 - 0.988 ms
2026-05-27 14:33:45: [2026-05-27T06:33:45.755Z] GET /favicon.ico 200 4247 - 0.645 ms
2026-05-27 14:33:50: [2026-05-27T06:33:50.263Z] GET /login.html? 200 8243 - 1.140 ms
2026-05-27 14:33:50: [2026-05-27T06:33:50.294Z] GET /css/style.css 200 18496 - 0.448 ms
2026-05-27 14:33:50: [2026-05-27T06:33:50.298Z] GET /js/api.js 200 6658 - 0.994 ms
2026-05-27 14:33:50: [2026-05-27T06:33:50.299Z] GET /js/auth.js 200 3739 - 0.998 ms
2026-05-27 14:33:50: [2026-05-27T06:33:50.509Z] GET /favicon.ico 200 4247 - 0.488 ms
2026-05-27 14:33:52: [2026-05-27T06:33:52.342Z] GET /favicon.ico 200 4247 - 1.452 ms
2026-05-27 14:33:52: [2026-05-27T06:33:52.353Z] GET /css/style.css 304 - - 0.253 ms
2026-05-27 14:33:52: [2026-05-27T06:33:52.813Z] GET /favicon.ico 200 4247 - 1.716 ms
2026-05-27 14:34:04: [2026-05-27T06:34:04.030Z] GET / 304 - - 0.498 ms
2026-05-27 14:34:04: [2026-05-27T06:34:04.249Z] GET /favicon.ico 304 - - 0.518 ms
2026-05-27 14:34:08: [2026-05-27T06:34:08.170Z] GET /login.html 304 - - 0.317 ms
2026-05-27 14:34:08: [2026-05-27T06:34:08.205Z] GET /css/style.css 304 - - 0.341 ms
2026-05-27 14:34:08: [2026-05-27T06:34:08.212Z] GET /js/api.js 304 - - 0.384 ms
2026-05-27 14:34:08: [2026-05-27T06:34:08.212Z] GET /js/auth.js 304 - - 0.337 ms
2026-05-27 14:34:08: [2026-05-27T06:34:08.267Z] GET /favicon.ico 304 - - 0.703 ms
2026-05-27 14:37:11: [2026-05-27T06:37:11.064Z] POST /api/auth/login 400 52 - 0.802 ms
2026-05-27 14:37:11: [2026-05-27T06:37:11.219Z] POST /api/auth/register 201 337 - 67.486 ms
2026-05-27 14:37:25: [2026-05-27T06:37:25.544Z] POST /api/auth/login 200 654 - 54.346 ms
2026-05-27 14:37:53: [2026-05-27T06:37:53.000Z] GET /api/files?folder_id=1 200 107 - 5.293 ms
2026-05-27 14:37:53: [2026-05-27T06:37:53.019Z] GET /api/users 200 968 - 2.202 ms
2026-05-27 14:37:53: [2026-05-27T06:37:53.037Z] GET /api/groups 200 326 - 2.600 ms
2026-05-27 14:37:53: [2026-05-27T06:37:53.054Z] GET /api/files/storage/stats 200 230 - 2.583 ms
2026-05-27 14:37:53: [2026-05-27T06:37:53.070Z] GET /api/health 200 131 - 0.840 ms
2026-05-27 14:38:08: [2026-05-27T06:38:08.321Z] GET /login.html 200 8243 - 0.470 ms
2026-05-27 14:38:08: [2026-05-27T06:38:08.408Z] GET /js/api.js 200 6658 - 0.390 ms
2026-05-27 14:38:08: [2026-05-27T06:38:08.423Z] GET /js/auth.js 200 3739 - 0.477 ms
2026-05-27 14:38:08: [2026-05-27T06:38:08.438Z] GET /css/style.css 200 18496 - 0.374 ms
2026-05-27 14:38:23: [2026-05-27T06:38:23.027Z] GET /dashboard.html 200 11204 - 0.506 ms
2026-05-27 14:38:23: [2026-05-27T06:38:23.047Z] GET / 200 4247 - 0.422 ms
2026-05-27 14:38:23: [2026-05-27T06:38:23.122Z] GET /admin/users.html 200 21405 - 0.489 ms
2026-05-27 14:40:14: [2026-05-27T06:40:14.719Z] PUT /api/auth/password 200 43 - 101.654 ms
2026-05-27 14:40:14: [2026-05-27T06:40:14.737Z] GET /api/files/search?keyword=test 200 79 - 2.165 ms
2026-05-27 14:40:14: [2026-05-27T06:40:14.753Z] GET /api/users/logs/operations 200 4326 - 2.231 ms
2026-05-27 14:40:14: [2026-05-27T06:40:14.790Z] POST /api/auth/refresh 200 243 - 1.733 ms
2026-05-27 14:40:25: [2026-05-27T06:40:25.972Z] POST /api/auth/login 200 654 - 54.104 ms
2026-05-27 14:40:26: [2026-05-27T06:40:26.057Z] POST /api/auth/register 201 345 - 57.426 ms
2026-05-27 14:40:26: [2026-05-27T06:40:26.075Z] GET /api/files 200 2196 - 2.870 ms
2026-05-27 14:40:26: [2026-05-27T06:40:26.169Z] GET /api/groups 200 326 - 1.888 ms
2026-05-27 14:40:47: [2026-05-27T06:40:47.174Z] GET /login.html 304 - - 0.231 ms
2026-05-27 14:40:47: [2026-05-27T06:40:47.206Z] GET /css/style.css 304 - - 0.329 ms
2026-05-27 14:40:47: [2026-05-27T06:40:47.209Z] GET /js/api.js 304 - - 0.680 ms
2026-05-27 14:40:47: [2026-05-27T06:40:47.209Z] GET /js/auth.js 304 - - 0.646 ms
2026-05-27 14:40:47: [2026-05-27T06:40:47.264Z] GET /favicon.ico 304 - - 0.528 ms
2026-05-27 14:40:47: [2026-05-27T06:40:47.336Z] GET /login.html 304 - - 0.302 ms
2026-05-27 14:40:47: [2026-05-27T06:40:47.356Z] GET /css/style.css 304 - - 0.257 ms
2026-05-27 14:40:47: [2026-05-27T06:40:47.358Z] GET /js/api.js 304 - - 1.186 ms
2026-05-27 14:40:47: [2026-05-27T06:40:47.358Z] GET /js/auth.js 304 - - 0.469 ms
2026-05-27 14:40:47: [2026-05-27T06:40:47.392Z] GET /favicon.ico 304 - - 0.352 ms
2026-05-27 14:40:47: [2026-05-27T06:40:47.531Z] GET /login.html 304 - - 0.309 ms
2026-05-27 14:40:47: [2026-05-27T06:40:47.553Z] GET /css/style.css 304 - - 0.300 ms
2026-05-27 14:40:47: [2026-05-27T06:40:47.556Z] GET /js/api.js 304 - - 0.345 ms
2026-05-27 14:40:47: [2026-05-27T06:40:47.557Z] GET /js/auth.js 304 - - 0.481 ms
2026-05-27 14:40:47: [2026-05-27T06:40:47.591Z] GET /favicon.ico 304 - - 0.802 ms
2026-05-27 14:40:47: [2026-05-27T06:40:47.716Z] GET /login.html 304 - - 0.310 ms
2026-05-27 14:40:47: [2026-05-27T06:40:47.737Z] GET /css/style.css 304 - - 0.321 ms
2026-05-27 14:40:47: [2026-05-27T06:40:47.740Z] GET /js/api.js 304 - - 0.302 ms
2026-05-27 14:40:47: [2026-05-27T06:40:47.741Z] GET /js/auth.js 304 - - 0.431 ms
2026-05-27 14:40:47: [2026-05-27T06:40:47.784Z] GET /favicon.ico 304 - - 0.428 ms
2026-05-27 14:40:47: [2026-05-27T06:40:47.884Z] GET /login.html 304 - - 0.221 ms
2026-05-27 14:40:47: [2026-05-27T06:40:47.902Z] GET /css/style.css 304 - - 0.205 ms
2026-05-27 14:40:47: [2026-05-27T06:40:47.902Z] GET /js/api.js 304 - - 0.321 ms
2026-05-27 14:40:47: [2026-05-27T06:40:47.903Z] GET /js/auth.js 304 - - 0.197 ms
2026-05-27 14:40:47: [2026-05-27T06:40:47.937Z] GET /favicon.ico 304 - - 0.406 ms
2026-05-27 14:40:48: [2026-05-27T06:40:48.048Z] GET /login.html 304 - - 0.263 ms
2026-05-27 14:40:48: [2026-05-27T06:40:48.071Z] GET /css/style.css 304 - - 0.348 ms
2026-05-27 14:40:48: [2026-05-27T06:40:48.071Z] GET /js/api.js 304 - - 0.232 ms
2026-05-27 14:40:48: [2026-05-27T06:40:48.073Z] GET /js/auth.js 304 - - 0.336 ms
2026-05-27 14:40:48: [2026-05-27T06:40:48.102Z] GET /favicon.ico 304 - - 0.389 ms
2026-05-27 14:40:48: [2026-05-27T06:40:48.228Z] GET /login.html 304 - - 0.226 ms
2026-05-27 14:40:48: [2026-05-27T06:40:48.246Z] GET /css/style.css 304 - - 0.240 ms
2026-05-27 14:40:48: [2026-05-27T06:40:48.247Z] GET /js/api.js 304 - - 0.341 ms
2026-05-27 14:40:48: [2026-05-27T06:40:48.247Z] GET /js/auth.js 304 - - 0.288 ms
2026-05-27 14:40:48: [2026-05-27T06:40:48.278Z] GET /favicon.ico 304 - - 0.981 ms
2026-05-27 14:40:48: [2026-05-27T06:40:48.433Z] GET /login.html 304 - - 0.353 ms
2026-05-27 14:40:48: [2026-05-27T06:40:48.462Z] GET /css/style.css 304 - - 0.304 ms
2026-05-27 14:40:48: [2026-05-27T06:40:48.464Z] GET /js/api.js 304 - - 0.347 ms
2026-05-27 14:40:48: [2026-05-27T06:40:48.466Z] GET /js/auth.js 304 - - 0.310 ms
2026-05-27 14:40:48: [2026-05-27T06:40:48.503Z] GET /favicon.ico 304 - - 0.396 ms
2026-05-27 14:40:48: [2026-05-27T06:40:48.613Z] GET /login.html 304 - - 0.259 ms
2026-05-27 14:40:48: [2026-05-27T06:40:48.631Z] GET /css/style.css 304 - - 0.414 ms
2026-05-27 14:40:48: [2026-05-27T06:40:48.632Z] GET /js/api.js 304 - - 0.250 ms
2026-05-27 14:40:48: [2026-05-27T06:40:48.633Z] GET /js/auth.js 304 - - 0.217 ms
2026-05-27 14:40:48: [2026-05-27T06:40:48.667Z] GET /favicon.ico 304 - - 0.579 ms
2026-05-27 14:40:48: [2026-05-27T06:40:48.776Z] GET /login.html 304 - - 0.430 ms
2026-05-27 14:40:48: [2026-05-27T06:40:48.800Z] GET /css/style.css 304 - - 0.365 ms
2026-05-27 14:40:48: [2026-05-27T06:40:48.801Z] GET /js/api.js 304 - - 0.267 ms
2026-05-27 14:40:48: [2026-05-27T06:40:48.803Z] GET /js/auth.js 304 - - 0.495 ms
2026-05-27 14:40:48: [2026-05-27T06:40:48.828Z] GET /favicon.ico 304 - - 0.440 ms
2026-05-27 14:40:49: [2026-05-27T06:40:49.752Z] GET /favicon.ico 304 - - 0.467 ms
2026-05-27 14:40:50: [2026-05-27T06:40:50.744Z] GET /login.html 304 - - 0.320 ms
2026-05-27 14:40:50: [2026-05-27T06:40:50.795Z] GET /css/style.css 304 - - 0.326 ms
2026-05-27 14:40:50: [2026-05-27T06:40:50.802Z] GET /js/api.js 304 - - 0.352 ms
2026-05-27 14:40:50: [2026-05-27T06:40:50.803Z] GET /js/auth.js 304 - - 0.202 ms
2026-05-27 14:40:50: [2026-05-27T06:40:50.834Z] GET /favicon.ico 304 - - 0.422 ms
2026-05-27 14:40:56: [2026-05-27T06:40:56.215Z] GET /login.html? 304 - - 0.324 ms
2026-05-27 14:40:56: [2026-05-27T06:40:56.255Z] GET /css/style.css 304 - - 0.355 ms
2026-05-27 14:40:56: [2026-05-27T06:40:56.260Z] GET /js/api.js 304 - - 1.741 ms
2026-05-27 14:40:56: [2026-05-27T06:40:56.261Z] GET /js/auth.js 304 - - 0.368 ms
2026-05-27 14:40:56: [2026-05-27T06:40:56.288Z] GET /favicon.ico 304 - - 0.378 ms
2026-05-27 14:41:00: [2026-05-27T06:41:00.849Z] GET /login.html? 304 - - 0.361 ms
2026-05-27 14:41:00: [2026-05-27T06:41:00.876Z] GET /css/style.css 304 - - 0.697 ms
2026-05-27 14:41:00: [2026-05-27T06:41:00.876Z] GET /js/api.js 304 - - 0.446 ms
2026-05-27 14:41:00: [2026-05-27T06:41:00.876Z] GET /js/auth.js 304 - - 0.343 ms
2026-05-27 14:41:00: [2026-05-27T06:41:00.912Z] GET /favicon.ico 304 - - 0.583 ms
2026-05-27 14:41:01: [2026-05-27T06:41:01.022Z] GET /login.html? 304 - - 0.210 ms
2026-05-27 14:41:01: [2026-05-27T06:41:01.041Z] GET /css/style.css 304 - - 0.255 ms
2026-05-27 14:41:01: [2026-05-27T06:41:01.044Z] GET /js/api.js 304 - - 0.315 ms
2026-05-27 14:41:01: [2026-05-27T06:41:01.044Z] GET /js/auth.js 304 - - 0.307 ms
2026-05-27 14:41:01: [2026-05-27T06:41:01.076Z] GET /favicon.ico 304 - - 0.398 ms
2026-05-27 14:41:01: [2026-05-27T06:41:01.196Z] GET /login.html? 304 - - 0.325 ms
2026-05-27 14:41:01: [2026-05-27T06:41:01.215Z] GET /css/style.css 304 - - 0.768 ms
2026-05-27 14:41:01: [2026-05-27T06:41:01.215Z] GET /js/api.js 304 - - 0.647 ms
2026-05-27 14:41:01: [2026-05-27T06:41:01.217Z] GET /js/auth.js 304 - - 0.413 ms
2026-05-27 14:41:01: [2026-05-27T06:41:01.252Z] GET /favicon.ico 304 - - 0.388 ms
2026-05-27 14:41:01: [2026-05-27T06:41:01.374Z] GET /login.html? 304 - - 0.364 ms
2026-05-27 14:41:01: [2026-05-27T06:41:01.404Z] GET /css/style.css 304 - - 0.594 ms
2026-05-27 14:41:01: [2026-05-27T06:41:01.406Z] GET /js/api.js 304 - - 0.597 ms
2026-05-27 14:41:01: [2026-05-27T06:41:01.406Z] GET /js/auth.js 304 - - 0.524 ms
2026-05-27 14:41:01: [2026-05-27T06:41:01.434Z] GET /favicon.ico 304 - - 0.530 ms
2026-05-27 14:41:01: [2026-05-27T06:41:01.549Z] GET /login.html? 304 - - 0.289 ms
2026-05-27 14:41:01: [2026-05-27T06:41:01.569Z] GET /css/style.css 304 - - 0.677 ms
2026-05-27 14:41:01: [2026-05-27T06:41:01.569Z] GET /js/api.js 304 - - 0.579 ms
2026-05-27 14:41:01: [2026-05-27T06:41:01.570Z] GET /js/auth.js 304 - - 0.257 ms
2026-05-27 14:41:01: [2026-05-27T06:41:01.602Z] GET /favicon.ico 304 - - 0.429 ms
2026-05-27 14:41:01: [2026-05-27T06:41:01.728Z] GET /login.html? 304 - - 0.240 ms
2026-05-27 14:41:01: [2026-05-27T06:41:01.751Z] GET /css/style.css 304 - - 0.276 ms
2026-05-27 14:41:01: [2026-05-27T06:41:01.753Z] GET /js/api.js 304 - - 0.537 ms
2026-05-27 14:41:01: [2026-05-27T06:41:01.753Z] GET /js/auth.js 304 - - 0.490 ms
2026-05-27 14:41:01: [2026-05-27T06:41:01.785Z] GET /favicon.ico 304 - - 0.477 ms
2026-05-27 14:41:01: [2026-05-27T06:41:01.914Z] GET /login.html? 304 - - 0.316 ms
2026-05-27 14:41:01: [2026-05-27T06:41:01.943Z] GET /css/style.css 304 - - 0.290 ms
2026-05-27 14:41:01: [2026-05-27T06:41:01.945Z] GET /js/api.js 304 - - 0.259 ms
2026-05-27 14:41:01: [2026-05-27T06:41:01.945Z] GET /js/auth.js 304 - - 0.158 ms
2026-05-27 14:41:01: [2026-05-27T06:41:01.977Z] GET /favicon.ico 304 - - 0.408 ms
2026-05-27 14:41:02: [2026-05-27T06:41:02.073Z] GET /login.html? 304 - - 0.241 ms
2026-05-27 14:41:02: [2026-05-27T06:41:02.094Z] GET /css/style.css 304 - - 0.386 ms
2026-05-27 14:41:02: [2026-05-27T06:41:02.098Z] GET /js/api.js 304 - - 0.292 ms
2026-05-27 14:41:02: [2026-05-27T06:41:02.099Z] GET /js/auth.js 304 - - 0.234 ms
2026-05-27 14:41:02: [2026-05-27T06:41:02.134Z] GET /favicon.ico 304 - - 0.472 ms
2026-05-27 14:41:40: [2026-05-27T06:41:40.258Z] GET / 304 - - 2.556 ms
2026-05-27 14:41:40: [2026-05-27T06:41:40.453Z] GET /favicon.ico 200 4247 - 0.675 ms
2026-05-27 14:41:41: [2026-05-27T06:41:41.692Z] GET /login.html 304 - - 0.281 ms
2026-05-27 14:41:41: [2026-05-27T06:41:41.739Z] GET /css/style.css 200 18496 - 0.398 ms
2026-05-27 14:41:41: [2026-05-27T06:41:41.743Z] GET /js/auth.js 200 3739 - 0.568 ms
2026-05-27 14:41:41: [2026-05-27T06:41:41.743Z] GET /js/api.js 200 6658 - 1.074 ms
2026-05-27 14:41:41: [2026-05-27T06:41:41.798Z] GET /favicon.ico 304 - - 0.500 ms
2026-05-27 14:41:47: [2026-05-27T06:41:47.713Z] GET /login.html? 200 8243 - 0.574 ms
2026-05-27 14:41:47: [2026-05-27T06:41:47.747Z] GET /css/style.css 304 - - 0.503 ms
2026-05-27 14:41:47: [2026-05-27T06:41:47.751Z] GET /js/api.js 304 - - 0.795 ms
2026-05-27 14:41:47: [2026-05-27T06:41:47.752Z] GET /js/auth.js 304 - - 0.272 ms
2026-05-27 14:41:47: [2026-05-27T06:41:47.780Z] GET /favicon.ico 304 - - 0.376 ms
2026-05-27 14:41:50: [2026-05-27T06:41:50.665Z] GET /css/style.css 304 - - 0.297 ms
2026-05-27 14:42:30: ============================================
2026-05-27 14:42:30:   企业网盘管理系统 v1.0.0
2026-05-27 14:42:30:   Cloud Drive Management System
2026-05-27 14:42:30: ============================================
2026-05-27 14:42:30:   HTTP:  http://192.168.101.26:3000
2026-05-27 14:42:30:   HTTPS: https://192.168.101.26:3443
2026-05-27 14:42:30:   API地址:  http://localhost:3000/api
2026-05-27 14:42:30:   管理后台: http://localhost:3000/admin
2026-05-27 14:42:30:   运行环境: production
2026-05-27 14:42:30:   SSL: 已启用
2026-05-27 14:42:30: ============================================
2026-05-27 14:42:30:   启动时间: 2026/5/27 14:42:30
2026-05-27 14:42:30: ============================================
2026-05-27 14:42:30:   HTTP:  http://localhost:3000
2026-05-27 14:42:30:   HTTPS: https://localhost:3443
2026-05-27 14:42:30: [DB] 数据库连接成功
2026-05-27 14:42:32: [2026-05-27T06:42:32.611Z] HEAD / 200 4247 - 1.052 ms
2026-05-27 14:43:02: ============================================
2026-05-27 14:43:02:   企业网盘管理系统 v1.0.0
2026-05-27 14:43:02:   Cloud Drive Management System
2026-05-27 14:43:02: ============================================
2026-05-27 14:43:02:   HTTP:  http://192.168.101.26:3000
2026-05-27 14:43:02:   HTTPS: https://192.168.101.26:3443
2026-05-27 14:43:02:   API地址:  http://localhost:3000/api
2026-05-27 14:43:02:   管理后台: http://localhost:3000/admin
2026-05-27 14:43:02:   运行环境: production
2026-05-27 14:43:02:   SSL: 已启用
2026-05-27 14:43:02: ============================================
2026-05-27 14:43:02:   启动时间: 2026/5/27 14:43:02
2026-05-27 14:43:02: ============================================
2026-05-27 14:43:02:   HTTP:  http://localhost:3000
2026-05-27 14:43:02:   HTTPS: https://localhost:3443
2026-05-27 14:43:02: [DB] 数据库连接成功
2026-05-27 14:43:04: [2026-05-27T06:43:04.669Z] HEAD / 200 4247 - 1.088 ms
2026-05-27 14:43:07: [2026-05-27T06:43:07.890Z] HEAD / 200 4247 - 0.402 ms
2026-05-27 14:43:57: [2026-05-27T06:43:57.420Z] GET /login.html? 200 8243 - 2.924 ms
2026-05-27 14:43:57: [2026-05-27T06:43:57.457Z] GET /css/style.css 200 18496 - 1.834 ms
2026-05-27 14:43:57: [2026-05-27T06:43:57.458Z] GET /js/api.js 200 6658 - 1.497 ms
2026-05-27 14:43:57: [2026-05-27T06:43:57.459Z] GET /js/auth.js 200 3739 - 1.616 ms
2026-05-27 14:43:57: [2026-05-27T06:43:57.835Z] GET /favicon.ico 200 4247 - 1.172 ms
2026-05-27 14:43:57: [2026-05-27T06:43:57.863Z] GET /login.html? 200 8243 - 0.701 ms
2026-05-27 14:43:57: [2026-05-27T06:43:57.888Z] GET /css/style.css 200 18496 - 0.830 ms
2026-05-27 14:43:57: [2026-05-27T06:43:57.890Z] GET /js/api.js 200 6658 - 0.646 ms
2026-05-27 14:43:57: [2026-05-27T06:43:57.890Z] GET /js/auth.js 200 3739 - 0.661 ms
2026-05-27 14:43:58: [2026-05-27T06:43:58.084Z] GET /favicon.ico 200 4247 - 1.077 ms
2026-05-27 14:43:58: [2026-05-27T06:43:58.230Z] GET /login.html? 200 8243 - 0.433 ms
2026-05-27 14:43:58: [2026-05-27T06:43:58.253Z] GET /css/style.css 200 18496 - 0.469 ms
2026-05-27 14:43:58: [2026-05-27T06:43:58.256Z] GET /js/api.js 200 6658 - 0.818 ms
2026-05-27 14:43:58: [2026-05-27T06:43:58.256Z] GET /js/auth.js 200 3739 - 0.545 ms
2026-05-27 14:43:58: [2026-05-27T06:43:58.517Z] GET /favicon.ico 200 4247 - 0.655 ms
2026-05-27 14:44:04: [2026-05-27T06:44:04.298Z] POST /api/auth/login 401 37 - 60.114 ms
2026-05-27 14:44:28: [2026-05-27T06:44:28.585Z] POST /api/auth/login 200 654 - 57.489 ms
2026-05-27 14:44:28: [2026-05-27T06:44:28.599Z] GET /dashboard.html 200 11204 - 0.697 ms
2026-05-27 14:44:28: [2026-05-27T06:44:28.643Z] GET /css/style.css 200 18496 - 0.597 ms
2026-05-27 14:44:28: [2026-05-27T06:44:28.645Z] GET /js/auth.js 200 3739 - 0.588 ms
2026-05-27 14:44:28: [2026-05-27T06:44:28.645Z] GET /js/api.js 200 6658 - 1.162 ms
2026-05-27 14:44:28: [2026-05-27T06:44:28.773Z] GET /api/files/storage/stats 200 230 - 4.119 ms
2026-05-27 14:44:28: [2026-05-27T06:44:28.785Z] GET /api/files/recent?limit=15 200 1468 - 3.297 ms
2026-05-27 14:44:28: [2026-05-27T06:44:28.947Z] GET /favicon.ico 200 4247 - 0.649 ms
2026-05-27 14:44:31: [2026-05-27T06:44:31.609Z] GET /file-manager.html?type=recent 200 42170 - 0.586 ms
2026-05-27 14:44:31: [2026-05-27T06:44:31.651Z] GET /css/style.css 304 - - 1.195 ms
2026-05-27 14:44:31: [2026-05-27T06:44:31.653Z] GET /js/api.js 304 - - 0.629 ms
2026-05-27 14:44:31: [2026-05-27T06:44:31.653Z] GET /js/auth.js 304 - - 0.555 ms
2026-05-27 14:44:31: [2026-05-27T06:44:31.998Z] GET /api/files/recent?limit=50 200 1468 - 2.452 ms
2026-05-27 14:44:32: [2026-05-27T06:44:32.075Z] GET /file-manager.html?type=shared 200 42170 - 0.453 ms
2026-05-27 14:44:32: [2026-05-27T06:44:32.123Z] GET /css/style.css 304 - - 0.205 ms
2026-05-27 14:44:32: [2026-05-27T06:44:32.125Z] GET /js/api.js 304 - - 0.584 ms
2026-05-27 14:44:32: [2026-05-27T06:44:32.126Z] GET /js/auth.js 304 - - 1.026 ms
2026-05-27 14:44:32: [2026-05-27T06:44:32.477Z] GET /api/files/shared 200 361 - 2.979 ms
2026-05-27 14:44:32: [2026-05-27T06:44:32.496Z] GET /favicon.ico 304 - - 0.545 ms
2026-05-27 14:44:33: [2026-05-27T06:44:33.284Z] GET /file-manager.html?type=recent 304 - - 0.263 ms
2026-05-27 14:44:33: [2026-05-27T06:44:33.319Z] GET /css/style.css 304 - - 0.332 ms
2026-05-27 14:44:33: [2026-05-27T06:44:33.321Z] GET /js/api.js 304 - - 0.672 ms
2026-05-27 14:44:33: [2026-05-27T06:44:33.321Z] GET /js/auth.js 304 - - 0.517 ms
2026-05-27 14:44:33: [2026-05-27T06:44:33.538Z] GET /api/files/recent?limit=50 304 - - 2.754 ms
2026-05-27 14:44:33: [2026-05-27T06:44:33.572Z] GET /favicon.ico 304 - - 0.555 ms
2026-05-27 14:44:34: [2026-05-27T06:44:34.156Z] GET /admin/groups.html 200 23579 - 0.570 ms
2026-05-27 14:44:34: [2026-05-27T06:44:34.206Z] GET /css/style.css 304 - - 0.358 ms
2026-05-27 14:44:34: [2026-05-27T06:44:34.208Z] GET /js/api.js 304 - - 0.348 ms
2026-05-27 14:44:34: [2026-05-27T06:44:34.208Z] GET /js/auth.js 304 - - 0.336 ms
2026-05-27 14:44:34: [2026-05-27T06:44:34.224Z] GET /api/groups?page=1&pageSize=20&keyword= 200 326 - 4.016 ms
2026-05-27 14:44:34: [2026-05-27T06:44:34.243Z] GET /favicon.ico 304 - - 0.989 ms
2026-05-27 14:44:34: [2026-05-27T06:44:34.874Z] GET /admin/users.html 200 21405 - 0.511 ms
2026-05-27 14:44:34: [2026-05-27T06:44:34.911Z] GET /css/style.css 304 - - 0.308 ms
2026-05-27 14:44:34: [2026-05-27T06:44:34.913Z] GET /js/api.js 304 - - 0.191 ms
2026-05-27 14:44:34: [2026-05-27T06:44:34.919Z] GET /js/auth.js 304 - - 0.275 ms
2026-05-27 14:44:34: [2026-05-27T06:44:34.935Z] GET /api/users?page=1&pageSize=20&keyword=&role=&status= 200 1242 - 2.778 ms
2026-05-27 14:44:34: [2026-05-27T06:44:34.950Z] GET /favicon.ico 304 - - 0.512 ms
2026-05-27 14:44:35: [2026-05-27T06:44:35.467Z] GET /admin/users.html 304 - - 0.258 ms
2026-05-27 14:44:35: [2026-05-27T06:44:35.490Z] GET /css/style.css 304 - - 0.374 ms
2026-05-27 14:44:35: [2026-05-27T06:44:35.491Z] GET /js/api.js 304 - - 0.340 ms
2026-05-27 14:44:35: [2026-05-27T06:44:35.492Z] GET /js/auth.js 304 - - 0.273 ms
2026-05-27 14:44:35: [2026-05-27T06:44:35.512Z] GET /api/users?page=1&pageSize=20&keyword=&role=&status= 304 - - 2.433 ms
2026-05-27 14:44:35: [2026-05-27T06:44:35.528Z] GET /favicon.ico 304 - - 0.418 ms
2026-05-27 14:44:36: [2026-05-27T06:44:36.008Z] GET /api/files/storage/stats 304 - - 2.849 ms
2026-05-27 14:44:36: [2026-05-27T06:44:36.025Z] GET /api/groups?page=1&pageSize=100 200 327 - 3.543 ms
2026-05-27 14:44:36: [2026-05-27T06:44:36.034Z] GET /api/files/storage/group-stats/1 200 137 - 4.614 ms
2026-05-27 14:44:39: [2026-05-27T06:44:39.171Z] GET /file-manager.html 200 42170 - 0.481 ms
2026-05-27 14:44:39: [2026-05-27T06:44:39.217Z] GET /css/style.css 304 - - 0.268 ms
2026-05-27 14:44:39: [2026-05-27T06:44:39.223Z] GET /js/api.js 304 - - 1.098 ms
2026-05-27 14:44:39: [2026-05-27T06:44:39.223Z] GET /js/auth.js 304 - - 0.591 ms
2026-05-27 14:44:39: [2026-05-27T06:44:39.442Z] GET /api/files?page=1&pageSize=50&sort=updated_at&order=desc 200 2196 - 4.236 ms
2026-05-27 14:44:39: [2026-05-27T06:44:39.458Z] GET /favicon.ico 304 - - 0.504 ms
2026-05-27 14:44:44: [2026-05-27T06:44:44.337Z] GET /favicon.ico 304 - - 0.782 ms
2026-05-27 14:44:44: [2026-05-27T06:44:44.909Z] GET /favicon.ico 304 - - 0.523 ms
2026-05-27 14:44:45: [2026-05-27T06:44:45.116Z] GET /favicon.ico 304 - - 0.755 ms
2026-05-27 14:44:45: [2026-05-27T06:44:45.294Z] GET /favicon.ico 304 - - 0.550 ms
2026-05-27 14:44:46: [2026-05-27T06:44:46.578Z] GET /login.html 304 - - 0.268 ms
2026-05-27 14:44:46: [2026-05-27T06:44:46.624Z] GET /css/style.css 304 - - 0.198 ms
2026-05-27 14:44:46: [2026-05-27T06:44:46.625Z] GET /js/api.js 304 - - 0.189 ms
2026-05-27 14:44:46: [2026-05-27T06:44:46.630Z] GET /js/auth.js 304 - - 0.428 ms
2026-05-27 14:44:46: [2026-05-27T06:44:46.662Z] GET /favicon.ico 304 - - 0.736 ms
2026-05-27 14:44:50: [2026-05-27T06:44:50.843Z] POST /api/auth/send-code 400 49 - 0.274 ms
2026-05-27 14:44:52: [2026-05-27T06:44:52.923Z] POST /api/auth/send-code 400 49 - 0.179 ms
2026-05-27 14:44:53: [2026-05-27T06:44:53.558Z] POST /api/auth/send-code 400 49 - 0.150 ms
2026-05-27 14:44:53: [2026-05-27T06:44:53.751Z] POST /api/auth/send-code 400 49 - 0.161 ms
2026-05-27 14:44:53: [2026-05-27T06:44:53.924Z] POST /api/auth/send-code 400 49 - 0.103 ms
2026-05-27 14:45:06: [2026-05-27T06:45:06.961Z] GET /favicon.ico 304 - - 0.472 ms
2026-05-27 14:45:08: [2026-05-27T06:45:08.422Z] GET /login.html 304 - - 0.340 ms
2026-05-27 14:45:08: [2026-05-27T06:45:08.423Z] GET /api/files/storage/stats 401 46 - 0.784 ms
2026-05-27 14:45:08: [2026-05-27T06:45:08.454Z] GET /css/style.css 304 - - 0.243 ms
2026-05-27 14:45:08: [2026-05-27T06:45:08.456Z] GET /js/auth.js 304 - - 0.248 ms
2026-05-27 14:45:08: [2026-05-27T06:45:08.456Z] GET /js/api.js 304 - - 0.286 ms
2026-05-27 14:45:08: [2026-05-27T06:45:08.489Z] GET /favicon.ico 304 - - 0.461 ms
2026-05-27 14:45:08: [2026-05-27T06:45:08.630Z] GET /favicon.ico 304 - - 0.367 ms
2026-05-27 14:45:33: [2026-05-27T06:45:33.752Z] GET / 304 - - 0.587 ms
2026-05-27 14:45:33: [2026-05-27T06:45:33.963Z] GET /favicon.ico 304 - - 0.649 ms
2026-05-27 14:45:38: [2026-05-27T06:45:38.007Z] GET /login.html 304 - - 0.316 ms
2026-05-27 14:45:38: [2026-05-27T06:45:38.041Z] GET /css/style.css 304 - - 0.253 ms
2026-05-27 14:45:38: [2026-05-27T06:45:38.043Z] GET /js/api.js 304 - - 0.199 ms
2026-05-27 14:45:38: [2026-05-27T06:45:38.044Z] GET /js/auth.js 304 - - 0.173 ms
2026-05-27 14:45:38: [2026-05-27T06:45:38.099Z] GET /favicon.ico 304 - - 0.379 ms
2026-05-27 14:45:46: [2026-05-27T06:45:46.876Z] POST /api/auth/send-code 400 49 - 0.108 ms
2026-05-27 14:45:47: [2026-05-27T06:45:47.086Z] POST /api/auth/send-code 400 49 - 0.174 ms
2026-05-27 14:45:47: [2026-05-27T06:45:47.277Z] POST /api/auth/send-code 400 49 - 0.144 ms
2026-05-27 14:45:47: [2026-05-27T06:45:47.447Z] POST /api/auth/send-code 400 49 - 0.160 ms
2026-05-27 14:45:47: [2026-05-27T06:45:47.622Z] POST /api/auth/send-code 400 49 - 0.131 ms
2026-05-27 14:45:47: [2026-05-27T06:45:47.805Z] POST /api/auth/send-code 400 49 - 0.108 ms
2026-05-27 14:45:48: [2026-05-27T06:45:48.148Z] POST /api/auth/send-code 400 49 - 0.136 ms
2026-05-27 14:45:48: [2026-05-27T06:45:48.341Z] POST /api/auth/send-code 400 49 - 0.109 ms
2026-05-27 14:45:48: [2026-05-27T06:45:48.502Z] POST /api/auth/send-code 400 49 - 0.110 ms
2026-05-27 14:45:52: [2026-05-27T06:45:52.228Z] GET /favicon.ico 304 - - 1.047 ms
2026-05-27 14:45:57: [2026-05-27T06:45:57.030Z] GET /login.html 304 - - 0.763 ms
2026-05-27 14:45:57: [2026-05-27T06:45:57.079Z] GET /css/style.css 304 - - 0.498 ms
2026-05-27 14:45:57: [2026-05-27T06:45:57.081Z] GET /js/api.js 304 - - 0.872 ms
2026-05-27 14:45:57: [2026-05-27T06:45:57.082Z] GET /js/auth.js 304 - - 0.249 ms
2026-05-27 14:45:57: [2026-05-27T06:45:57.116Z] GET /favicon.ico 304 - - 0.329 ms
2026-05-27 14:45:58: [2026-05-27T06:45:58.710Z] GET /favicon.ico 304 - - 0.861 ms
2026-05-27 14:45:59: [2026-05-27T06:45:59.670Z] GET /login.html 304 - - 0.283 ms
2026-05-27 14:45:59: [2026-05-27T06:45:59.717Z] GET /css/style.css 304 - - 0.444 ms
2026-05-27 14:45:59: [2026-05-27T06:45:59.720Z] GET /js/api.js 304 - - 0.311 ms
2026-05-27 14:45:59: [2026-05-27T06:45:59.720Z] GET /js/auth.js 304 - - 0.286 ms
2026-05-27 14:45:59: [2026-05-27T06:45:59.753Z] GET /favicon.ico 304 - - 0.452 ms
2026-05-27 14:46:05: [2026-05-27T06:46:05.139Z] POST /api/auth/login 401 37 - 53.524 ms
2026-05-27 14:46:11: [2026-05-27T06:46:11.651Z] POST /api/auth/login 200 616 - 53.215 ms
2026-05-27 14:46:11: [2026-05-27T06:46:11.666Z] GET /dashboard.html 200 11204 - 1.025 ms
2026-05-27 14:46:11: [2026-05-27T06:46:11.703Z] GET /css/style.css 304 - - 0.484 ms
2026-05-27 14:46:11: [2026-05-27T06:46:11.705Z] GET /js/api.js 304 - - 0.445 ms
2026-05-27 14:46:11: [2026-05-27T06:46:11.713Z] GET /js/auth.js 304 - - 0.320 ms
2026-05-27 14:46:11: [2026-05-27T06:46:11.740Z] GET /api/files/storage/stats 200 118 - 2.661 ms
2026-05-27 14:46:11: [2026-05-27T06:46:11.784Z] GET /api/files/recent?limit=15 200 31 - 2.290 ms
2026-05-27 14:46:11: [2026-05-27T06:46:11.786Z] GET /favicon.ico 304 - - 0.529 ms
2026-05-27 14:46:16: [2026-05-27T06:46:16.223Z] GET /login.html 304 - - 0.297 ms
2026-05-27 14:46:16: [2026-05-27T06:46:16.260Z] GET /css/style.css 304 - - 0.398 ms
2026-05-27 14:46:16: [2026-05-27T06:46:16.261Z] GET /js/api.js 304 - - 0.511 ms
2026-05-27 14:46:16: [2026-05-27T06:46:16.262Z] GET /js/auth.js 304 - - 0.354 ms
2026-05-27 14:46:16: [2026-05-27T06:46:16.298Z] GET /favicon.ico 304 - - 0.399 ms
2026-05-27 14:46:18: [2026-05-27T06:46:18.153Z] GET /favicon.ico 304 - - 0.736 ms
2026-05-27 14:46:20: [2026-05-27T06:46:20.155Z] GET /favicon.ico 304 - - 0.518 ms
2026-05-27 14:46:20: [2026-05-27T06:46:20.756Z] GET /favicon.ico 304 - - 0.518 ms
2026-05-27 14:47:38: [2026-05-27T06:47:38.287Z] GET / 200 4101 - 0.662 ms
2026-05-27 14:47:38: [2026-05-27T06:47:38.378Z] GET /favicon.ico 200 4101 - 0.810 ms
2026-05-27 14:47:53: [2026-05-27T06:47:53.474Z] GET / 304 - - 0.358 ms
2026-05-27 14:47:53: [2026-05-27T06:47:53.679Z] GET /favicon.ico 304 - - 0.603 ms
2026-05-27 14:47:54: [2026-05-27T06:47:54.794Z] GET /login.html 200 8461 - 0.509 ms
2026-05-27 14:47:54: [2026-05-27T06:47:54.835Z] GET /css/style.css 304 - - 0.356 ms
2026-05-27 14:47:54: [2026-05-27T06:47:54.837Z] GET /js/api.js 304 - - 0.861 ms
2026-05-27 14:47:54: [2026-05-27T06:47:54.838Z] GET /js/auth.js 304 - - 0.307 ms
2026-05-27 14:47:54: [2026-05-27T06:47:54.897Z] GET /favicon.ico 304 - - 0.351 ms
2026-05-27 14:48:04: [2026-05-27T06:48:04.616Z] GET /favicon.ico 304 - - 0.566 ms
2026-05-27 14:48:09: [2026-05-27T06:48:09.974Z] GET /login.html 304 - - 0.282 ms
2026-05-27 14:48:10: [2026-05-27T06:48:10.013Z] GET /css/style.css 304 - - 0.268 ms
2026-05-27 14:48:10: [2026-05-27T06:48:10.014Z] GET /js/api.js 304 - - 0.622 ms
2026-05-27 14:48:10: [2026-05-27T06:48:10.015Z] GET /js/auth.js 304 - - 0.157 ms
2026-05-27 14:48:10: [2026-05-27T06:48:10.065Z] GET /favicon.ico 304 - - 0.842 ms
2026-05-27 14:50:50: [2026-05-27T06:50:50.944Z] GET /favicon.ico 304 - - 0.371 ms
2026-05-27 14:52:55: [2026-05-27T06:52:55.837Z] GET / 304 - - 0.396 ms
2026-05-27 14:52:55: [2026-05-27T06:52:55.919Z] GET /favicon.ico 304 - - 0.723 ms
2026-05-27 14:52:57: [2026-05-27T06:52:57.923Z] GET /login.html 304 - - 0.225 ms
2026-05-27 14:52:57: [2026-05-27T06:52:57.970Z] GET /css/style.css 304 - - 0.333 ms
2026-05-27 14:52:57: [2026-05-27T06:52:57.972Z] GET /js/api.js 304 - - 0.617 ms
2026-05-27 14:52:57: [2026-05-27T06:52:57.972Z] GET /js/auth.js 304 - - 0.601 ms
2026-05-27 14:52:58: [2026-05-27T06:52:58.005Z] GET /favicon.ico 304 - - 0.507 ms
2026-05-27 14:53:06: [2026-05-27T06:53:06.539Z] POST /api/auth/login 200 616 - 60.524 ms
2026-05-27 14:53:06: [2026-05-27T06:53:06.556Z] GET /dashboard.html 304 - - 0.359 ms
2026-05-27 14:53:06: [2026-05-27T06:53:06.590Z] GET /css/style.css 304 - - 0.348 ms
2026-05-27 14:53:06: [2026-05-27T06:53:06.598Z] GET /js/api.js 304 - - 0.377 ms
2026-05-27 14:53:06: [2026-05-27T06:53:06.601Z] GET /js/auth.js 304 - - 0.290 ms
2026-05-27 14:53:06: [2026-05-27T06:53:06.625Z] GET /api/files/storage/stats 304 - - 2.401 ms
2026-05-27 14:53:06: [2026-05-27T06:53:06.669Z] GET /api/files/recent?limit=15 304 - - 2.468 ms
2026-05-27 14:53:06: [2026-05-27T06:53:06.671Z] GET /favicon.ico 304 - - 0.557 ms
2026-05-27 14:53:08: [2026-05-27T06:53:08.262Z] GET /file-manager.html?type=shared 200 42170 - 0.520 ms
2026-05-27 14:53:08: [2026-05-27T06:53:08.306Z] GET /css/style.css 304 - - 0.457 ms
2026-05-27 14:53:08: [2026-05-27T06:53:08.313Z] GET /js/api.js 304 - - 0.793 ms
2026-05-27 14:53:08: [2026-05-27T06:53:08.313Z] GET /js/auth.js 304 - - 0.381 ms
2026-05-27 14:53:08: [2026-05-27T06:53:08.610Z] GET /api/files/shared 200 31 - 1.948 ms
2026-05-27 14:53:08: [2026-05-27T06:53:08.628Z] GET /favicon.ico 304 - - 0.531 ms
2026-05-27 14:53:09: [2026-05-27T06:53:09.007Z] GET /file-manager.html?type=shared 304 - - 0.385 ms
2026-05-27 14:53:09: [2026-05-27T06:53:09.035Z] GET /css/style.css 304 - - 1.038 ms
2026-05-27 14:53:09: [2026-05-27T06:53:09.037Z] GET /js/api.js 304 - - 0.595 ms
2026-05-27 14:53:09: [2026-05-27T06:53:09.037Z] GET /js/auth.js 304 - - 0.760 ms
2026-05-27 14:53:09: [2026-05-27T06:53:09.254Z] GET /api/files/shared 304 - - 2.960 ms
2026-05-27 14:53:09: [2026-05-27T06:53:09.284Z] GET /favicon.ico 304 - - 0.625 ms
2026-05-27 14:53:10: [2026-05-27T06:53:10.494Z] GET /file-manager.html?type=recent 200 42170 - 0.484 ms
2026-05-27 14:53:10: [2026-05-27T06:53:10.531Z] GET /css/style.css 304 - - 0.232 ms
2026-05-27 14:53:10: [2026-05-27T06:53:10.533Z] GET /js/api.js 304 - - 0.655 ms
2026-05-27 14:53:10: [2026-05-27T06:53:10.533Z] GET /js/auth.js 304 - - 0.501 ms
2026-05-27 14:53:10: [2026-05-27T06:53:10.756Z] GET /api/files/recent?limit=50 200 31 - 4.427 ms
2026-05-27 14:53:10: [2026-05-27T06:53:10.794Z] GET /favicon.ico 304 - - 0.511 ms
2026-05-27 14:53:11: [2026-05-27T06:53:11.084Z] GET /file-manager.html?type=recent 304 - - 0.253 ms
2026-05-27 14:53:11: [2026-05-27T06:53:11.116Z] GET /css/style.css 304 - - 0.263 ms
2026-05-27 14:53:11: [2026-05-27T06:53:11.119Z] GET /js/api.js 304 - - 0.717 ms
2026-05-27 14:53:11: [2026-05-27T06:53:11.120Z] GET /js/auth.js 304 - - 0.700 ms
2026-05-27 14:53:11: [2026-05-27T06:53:11.299Z] GET /api/files/recent?limit=50 304 - - 1.961 ms
2026-05-27 14:53:11: [2026-05-27T06:53:11.323Z] GET /favicon.ico 304 - - 0.475 ms
2026-05-27 14:53:11: [2026-05-27T06:53:11.890Z] GET /file-manager.html?type=recent 304 - - 0.345 ms
2026-05-27 14:53:11: [2026-05-27T06:53:11.916Z] GET /css/style.css 304 - - 0.294 ms
2026-05-27 14:53:11: [2026-05-27T06:53:11.917Z] GET /js/api.js 304 - - 0.525 ms
2026-05-27 14:53:11: [2026-05-27T06:53:11.917Z] GET /js/auth.js 304 - - 0.452 ms
2026-05-27 14:53:12: [2026-05-27T06:53:12.129Z] GET /api/files/recent?limit=50 304 - - 2.251 ms
2026-05-27 14:53:12: [2026-05-27T06:53:12.148Z] GET /favicon.ico 304 - - 0.485 ms
2026-05-27 14:53:12: [2026-05-27T06:53:12.877Z] GET /file-manager.html?type=shared 304 - - 0.307 ms
2026-05-27 14:53:12: [2026-05-27T06:53:12.921Z] GET /css/style.css 304 - - 0.446 ms
2026-05-27 14:53:12: [2026-05-27T06:53:12.927Z] GET /js/api.js 304 - - 0.356 ms
2026-05-27 14:53:12: [2026-05-27T06:53:12.927Z] GET /js/auth.js 304 - - 0.330 ms
2026-05-27 14:53:13: [2026-05-27T06:53:13.138Z] GET /api/files/shared 304 - - 2.347 ms
2026-05-27 14:53:13: [2026-05-27T06:53:13.164Z] GET /favicon.ico 304 - - 0.516 ms
2026-05-27 14:53:13: [2026-05-27T06:53:13.571Z] GET /dashboard.html 304 - - 0.287 ms
2026-05-27 14:53:13: [2026-05-27T06:53:13.614Z] GET /css/style.css 304 - - 0.746 ms
2026-05-27 14:53:13: [2026-05-27T06:53:13.615Z] GET /js/api.js 304 - - 0.232 ms
2026-05-27 14:53:13: [2026-05-27T06:53:13.617Z] GET /js/auth.js 304 - - 0.208 ms
2026-05-27 14:53:13: [2026-05-27T06:53:13.626Z] GET /api/files/storage/stats 304 - - 2.711 ms
2026-05-27 14:53:13: [2026-05-27T06:53:13.647Z] GET /api/files/recent?limit=15 304 - - 2.139 ms
2026-05-27 14:53:13: [2026-05-27T06:53:13.663Z] GET /favicon.ico 304 - - 0.855 ms
2026-05-27 14:53:15: [2026-05-27T06:53:15.269Z] GET /file-manager.html 200 42170 - 0.709 ms
2026-05-27 14:53:15: [2026-05-27T06:53:15.315Z] GET /css/style.css 304 - - 0.410 ms
2026-05-27 14:53:15: [2026-05-27T06:53:15.321Z] GET /js/api.js 304 - - 0.308 ms
2026-05-27 14:53:15: [2026-05-27T06:53:15.321Z] GET /js/auth.js 304 - - 0.328 ms
2026-05-27 14:53:15: [2026-05-27T06:53:15.499Z] GET /api/files?page=1&pageSize=50&sort=updated_at&order=desc 200 338 - 3.189 ms
2026-05-27 14:53:15: [2026-05-27T06:53:15.523Z] GET /favicon.ico 304 - - 0.527 ms
2026-05-27 14:53:17: [2026-05-27T06:53:17.803Z] GET /admin/groups.html 200 23579 - 0.414 ms
2026-05-27 14:53:17: [2026-05-27T06:53:17.846Z] GET /css/style.css 304 - - 0.256 ms
2026-05-27 14:53:17: [2026-05-27T06:53:17.849Z] GET /js/api.js 304 - - 0.580 ms
2026-05-27 14:53:17: [2026-05-27T06:53:17.849Z] GET /js/auth.js 304 - - 0.591 ms
2026-05-27 14:53:17: [2026-05-27T06:53:17.857Z] GET /api/groups?page=1&pageSize=20&keyword= 200 326 - 2.550 ms
2026-05-27 14:53:17: [2026-05-27T06:53:17.882Z] GET /favicon.ico 304 - - 0.450 ms
2026-05-27 14:53:18: [2026-05-27T06:53:18.537Z] GET /api/files/storage/stats 304 - - 2.855 ms
2026-05-27 14:53:18: [2026-05-27T06:53:18.547Z] GET /api/groups?page=1&pageSize=100 200 327 - 3.088 ms
2026-05-27 14:53:18: [2026-05-27T06:53:18.555Z] GET /api/files/storage/group-stats/1 200 137 - 3.508 ms
2026-05-27 14:53:20: [2026-05-27T06:53:20.744Z] GET /dashboard.html 304 - - 0.247 ms
2026-05-27 14:53:20: [2026-05-27T06:53:20.777Z] GET /css/style.css 304 - - 0.266 ms
2026-05-27 14:53:20: [2026-05-27T06:53:20.782Z] GET /js/api.js 304 - - 0.374 ms
2026-05-27 14:53:20: [2026-05-27T06:53:20.783Z] GET /js/auth.js 304 - - 0.206 ms
2026-05-27 14:53:20: [2026-05-27T06:53:20.800Z] GET /api/files/storage/stats 304 - - 2.130 ms
2026-05-27 14:53:20: [2026-05-27T06:53:20.825Z] GET /api/files/recent?limit=15 304 - - 1.828 ms
2026-05-27 14:53:20: [2026-05-27T06:53:20.826Z] GET /favicon.ico 304 - - 0.342 ms
2026-05-27 14:53:22: [2026-05-27T06:53:22.715Z] GET /file-manager.html 304 - - 0.245 ms
2026-05-27 14:53:22: [2026-05-27T06:53:22.755Z] GET /css/style.css 304 - - 1.048 ms
2026-05-27 14:53:22: [2026-05-27T06:53:22.757Z] GET /js/api.js 304 - - 0.532 ms
2026-05-27 14:53:22: [2026-05-27T06:53:22.757Z] GET /js/auth.js 304 - - 0.361 ms
2026-05-27 14:53:23: [2026-05-27T06:53:23.230Z] GET /api/files?page=1&pageSize=50&sort=updated_at&order=desc 304 - - 2.905 ms
2026-05-27 14:53:23: [2026-05-27T06:53:23.256Z] GET /favicon.ico 304 - - 0.738 ms
2026-05-27 14:53:24: [2026-05-27T06:53:24.032Z] GET /file-manager.html?type=recent 304 - - 0.227 ms
2026-05-27 14:53:24: [2026-05-27T06:53:24.103Z] GET /css/style.css 304 - - 0.507 ms
2026-05-27 14:53:24: [2026-05-27T06:53:24.103Z] GET /js/api.js 304 - - 0.352 ms
2026-05-27 14:53:24: [2026-05-27T06:53:24.103Z] GET /js/auth.js 304 - - 0.373 ms
2026-05-27 14:53:24: [2026-05-27T06:53:24.444Z] GET /api/files/recent?limit=50 304 - - 1.875 ms
2026-05-27 14:53:24: [2026-05-27T06:53:24.470Z] GET /favicon.ico 304 - - 1.001 ms
2026-05-27 14:53:25: [2026-05-27T06:53:25.451Z] GET /file-manager.html?type=shared 304 - - 0.272 ms
2026-05-27 14:53:25: [2026-05-27T06:53:25.492Z] GET /css/style.css 304 - - 0.260 ms
2026-05-27 14:53:25: [2026-05-27T06:53:25.493Z] GET /js/api.js 304 - - 0.245 ms
2026-05-27 14:53:25: [2026-05-27T06:53:25.493Z] GET /js/auth.js 304 - - 0.212 ms
2026-05-27 14:53:25: [2026-05-27T06:53:25.716Z] GET /api/files/shared 304 - - 1.891 ms
2026-05-27 14:53:25: [2026-05-27T06:53:25.746Z] GET /favicon.ico 304 - - 0.550 ms
2026-05-27 14:53:26: [2026-05-27T06:53:26.767Z] GET /file-manager.html?type=recent 304 - - 0.872 ms
2026-05-27 14:53:26: [2026-05-27T06:53:26.805Z] GET /css/style.css 304 - - 0.565 ms
2026-05-27 14:53:26: [2026-05-27T06:53:26.806Z] GET /js/api.js 304 - - 0.509 ms
2026-05-27 14:53:26: [2026-05-27T06:53:26.807Z] GET /js/auth.js 304 - - 0.569 ms
2026-05-27 14:53:27: [2026-05-27T06:53:27.145Z] GET /api/files/recent?limit=50 304 - - 1.891 ms
2026-05-27 14:53:27: [2026-05-27T06:53:27.195Z] GET /favicon.ico 304 - - 0.594 ms
2026-05-27 14:53:28: [2026-05-27T06:53:28.246Z] GET /file-manager.html?type=shared 304 - - 0.242 ms
2026-05-27 14:53:28: [2026-05-27T06:53:28.286Z] GET /css/style.css 304 - - 0.375 ms
2026-05-27 14:53:28: [2026-05-27T06:53:28.286Z] GET /js/api.js 304 - - 0.285 ms
2026-05-27 14:53:28: [2026-05-27T06:53:28.287Z] GET /js/auth.js 304 - - 0.243 ms
2026-05-27 14:53:28: [2026-05-27T06:53:28.531Z] GET /api/files/shared 304 - - 1.850 ms
2026-05-27 14:53:28: [2026-05-27T06:53:28.559Z] GET /favicon.ico 304 - - 0.445 ms
2026-05-27 14:53:29: [2026-05-27T06:53:29.445Z] GET /file-manager.html 304 - - 0.277 ms
2026-05-27 14:53:29: [2026-05-27T06:53:29.485Z] GET /css/style.css 304 - - 0.444 ms
2026-05-27 14:53:29: [2026-05-27T06:53:29.491Z] GET /js/api.js 304 - - 0.319 ms
2026-05-27 14:53:29: [2026-05-27T06:53:29.491Z] GET /js/auth.js 304 - - 0.307 ms
2026-05-27 14:53:29: [2026-05-27T06:53:29.692Z] GET /api/files?page=1&pageSize=50&sort=updated_at&order=desc 304 - - 3.208 ms
2026-05-27 14:53:29: [2026-05-27T06:53:29.712Z] GET /favicon.ico 304 - - 0.532 ms
2026-05-27 14:53:31: [2026-05-27T06:53:31.439Z] GET /api/files?page=1&pageSize=50&sort=updated_at&order=desc&folder_id=1 200 107 - 1.790 ms
2026-05-27 14:53:31: [2026-05-27T06:53:31.444Z] GET /api/files/folders? 200 441 - 1.737 ms
2026-05-27 14:53:37: [2026-05-27T06:53:37.768Z] POST /api/files/check-hash 200 36 - 1.904 ms
2026-05-27 14:53:37: [2026-05-27T06:53:37.779Z] POST /api/files/upload 201 191 - 7.824 ms
2026-05-27 14:53:38: [2026-05-27T06:53:38.792Z] GET /api/files?page=1&pageSize=50&sort=updated_at&order=desc&folder_id=1 200 643 - 3.075 ms
2026-05-27 14:53:38: [2026-05-27T06:53:38.798Z] GET /api/files/folders? 304 - - 1.458 ms
2026-05-27 14:53:44: [2026-05-27T06:53:44.420Z] GET /api/files/download/5?token=eyJhbGciOiJIUzI1NiIsInR5cCI6IkpXVCJ9.eyJpZCI6NSwidXNlcm5hbWUiOiIxMTEiLCJyb2xlIjoidXNlciIsImlhdCI6MTc3OTg2NDc4NiwiZXhwIjoxNzgwNDY5NTg2fQ.JdZf92WbArwWPqgxtBgjNltxshEKt9eVbhdzrhLwROI 200 65798 - 8.290 ms
2026-05-27 14:53:56: [2026-05-27T06:53:56.541Z] GET /api/files/download/5?token=eyJhbGciOiJIUzI1NiIsInR5cCI6IkpXVCJ9.eyJpZCI6NSwidXNlcm5hbWUiOiIxMTEiLCJyb2xlIjoidXNlciIsImlhdCI6MTc3OTg2NDc4NiwiZXhwIjoxNzgwNDY5NTg2fQ.JdZf92WbArwWPqgxtBgjNltxshEKt9eVbhdzrhLwROI 304 - - 5.707 ms
2026-05-27 14:54:59: [2026-05-27T06:54:59.108Z] GET /api/files 200 2196 - 2.331 ms
2026-05-27 14:55:20: [2026-05-27T06:55:20.347Z] GET /api/files 200 2196 - 2.437 ms
2026-05-27 14:55:47: [2026-05-27T06:55:47.574Z] POST /api/files/upload 201 147 - 8.073 ms
2026-05-27 14:55:58: [2026-05-27T06:55:58.632Z] POST /api/files/upload 201 179 - 7.260 ms
2026-05-27 14:56:48: ============================================
2026-05-27 14:56:48:   企业网盘管理系统 v1.0.0
2026-05-27 14:56:48:   Cloud Drive Management System
2026-05-27 14:56:48: ============================================
2026-05-27 14:56:48:   HTTP:  http://192.168.101.26:3000
2026-05-27 14:56:48:   HTTPS: https://192.168.101.26:3443
2026-05-27 14:56:48:   API地址:  http://localhost:3000/api
2026-05-27 14:56:48:   管理后台: http://localhost:3000/admin
2026-05-27 14:56:48:   运行环境: production
2026-05-27 14:56:48:   SSL: 已启用
2026-05-27 14:56:48: ============================================
2026-05-27 14:56:48:   启动时间: 2026/5/27 14:56:48
2026-05-27 14:56:48: ============================================
2026-05-27 14:56:48:   HTTP:  http://localhost:3000
2026-05-27 14:56:48:   HTTPS: https://localhost:3443
2026-05-27 14:56:48: [DB] 数据库连接成功
2026-05-27 14:57:00: [2026-05-27T06:57:00.733Z] POST /api/files/upload 201 180 - 12.435 ms
2026-05-27 14:57:33: [2026-05-27T06:57:33.311Z] GET /file-manager.html?type=shared 304 - - 1.269 ms
2026-05-27 14:57:33: [2026-05-27T06:57:33.343Z] GET /css/style.css 304 - - 0.690 ms
2026-05-27 14:57:33: [2026-05-27T06:57:33.346Z] GET /js/api.js 304 - - 1.520 ms
2026-05-27 14:57:33: [2026-05-27T06:57:33.347Z] GET /js/auth.js 304 - - 1.013 ms
2026-05-27 14:57:33: [2026-05-27T06:57:33.585Z] GET /api/files/shared 304 - - 4.406 ms
2026-05-27 14:57:33: [2026-05-27T06:57:33.663Z] GET /favicon.ico 304 - - 0.783 ms
2026-05-27 14:57:34: [2026-05-27T06:57:34.685Z] GET /file-manager.html?type=recent 304 - - 0.516 ms
2026-05-27 14:57:34: [2026-05-27T06:57:34.721Z] GET /css/style.css 304 - - 1.682 ms
2026-05-27 14:57:34: [2026-05-27T06:57:34.721Z] GET /js/api.js 304 - - 1.059 ms
2026-05-27 14:57:34: [2026-05-27T06:57:34.721Z] GET /js/auth.js 304 - - 0.951 ms
2026-05-27 14:57:34: [2026-05-27T06:57:34.945Z] GET /api/files/recent?limit=50 200 512 - 3.845 ms
2026-05-27 14:57:34: [2026-05-27T06:57:34.982Z] GET /favicon.ico 304 - - 0.900 ms
2026-05-27 14:57:35: [2026-05-27T06:57:35.346Z] GET /file-manager.html?type=recent 304 - - 0.320 ms
2026-05-27 14:57:35: [2026-05-27T06:57:35.371Z] GET /css/style.css 304 - - 1.335 ms
2026-05-27 14:57:35: [2026-05-27T06:57:35.371Z] GET /js/api.js 304 - - 0.821 ms
2026-05-27 14:57:35: [2026-05-27T06:57:35.371Z] GET /js/auth.js 304 - - 0.523 ms
2026-05-27 14:57:35: [2026-05-27T06:57:35.601Z] GET /api/files/recent?limit=50 304 - - 2.654 ms
2026-05-27 14:57:35: [2026-05-27T06:57:35.632Z] GET /favicon.ico 304 - - 0.538 ms
2026-05-27 14:57:35: [2026-05-27T06:57:35.886Z] GET /file-manager.html?type=shared 304 - - 0.528 ms
2026-05-27 14:57:35: [2026-05-27T06:57:35.917Z] GET /css/style.css 304 - - 2.301 ms
2026-05-27 14:57:35: [2026-05-27T06:57:35.917Z] GET /js/api.js 304 - - 1.018 ms
2026-05-27 14:57:35: [2026-05-27T06:57:35.918Z] GET /js/auth.js 304 - - 0.842 ms
2026-05-27 14:57:36: [2026-05-27T06:57:36.142Z] GET /api/files/shared 304 - - 1.618 ms
2026-05-27 14:57:36: [2026-05-27T06:57:36.163Z] GET /favicon.ico 304 - - 0.422 ms
2026-05-27 14:57:36: [2026-05-27T06:57:36.870Z] GET /file-manager.html?type=recent 304 - - 0.322 ms
2026-05-27 14:57:36: [2026-05-27T06:57:36.905Z] GET /css/style.css 304 - - 0.323 ms
2026-05-27 14:57:36: [2026-05-27T06:57:36.907Z] GET /js/api.js 304 - - 0.610 ms
2026-05-27 14:57:36: [2026-05-27T06:57:36.907Z] GET /js/auth.js 304 - - 0.588 ms
2026-05-27 14:57:37: [2026-05-27T06:57:37.124Z] GET /api/files/recent?limit=50 304 - - 2.812 ms
2026-05-27 14:57:37: [2026-05-27T06:57:37.154Z] GET /favicon.ico 304 - - 0.651 ms
2026-05-27 14:57:38: [2026-05-27T06:57:38.014Z] GET /file-manager.html?type=shared 304 - - 0.290 ms
2026-05-27 14:57:38: [2026-05-27T06:57:38.040Z] GET /css/style.css 304 - - 0.771 ms
2026-05-27 14:57:38: [2026-05-27T06:57:38.040Z] GET /js/api.js 304 - - 0.445 ms
2026-05-27 14:57:38: [2026-05-27T06:57:38.040Z] GET /js/auth.js 304 - - 0.276 ms
2026-05-27 14:57:38: [2026-05-27T06:57:38.295Z] GET /api/files/shared 304 - - 1.980 ms
2026-05-27 14:57:38: [2026-05-27T06:57:38.327Z] GET /favicon.ico 304 - - 0.561 ms
2026-05-27 14:57:39: [2026-05-27T06:57:39.023Z] GET /admin/groups.html 304 - - 0.324 ms
2026-05-27 14:57:39: [2026-05-27T06:57:39.046Z] GET /css/style.css 304 - - 0.312 ms
2026-05-27 14:57:39: [2026-05-27T06:57:39.048Z] GET /js/api.js 304 - - 0.468 ms
2026-05-27 14:57:39: [2026-05-27T06:57:39.049Z] GET /js/auth.js 304 - - 0.276 ms
2026-05-27 14:57:39: [2026-05-27T06:57:39.071Z] GET /api/groups?page=1&pageSize=20&keyword= 304 - - 4.849 ms
2026-05-27 14:57:39: [2026-05-27T06:57:39.100Z] GET /favicon.ico 304 - - 0.653 ms
2026-05-27 14:57:40: [2026-05-27T06:57:40.174Z] GET /dashboard.html 304 - - 0.328 ms
2026-05-27 14:57:40: [2026-05-27T06:57:40.209Z] GET /css/style.css 304 - - 0.663 ms
2026-05-27 14:57:40: [2026-05-27T06:57:40.209Z] GET /js/api.js 304 - - 0.583 ms
2026-05-27 14:57:40: [2026-05-27T06:57:40.210Z] GET /js/auth.js 304 - - 0.586 ms
2026-05-27 14:57:40: [2026-05-27T06:57:40.235Z] GET /api/files/storage/stats 200 173 - 3.855 ms
2026-05-27 14:57:40: [2026-05-27T06:57:40.252Z] GET /favicon.ico 304 - - 1.527 ms
2026-05-27 14:57:40: [2026-05-27T06:57:40.255Z] GET /api/files/recent?limit=15 200 512 - 4.226 ms
2026-05-27 14:57:41: [2026-05-27T06:57:41.254Z] GET /api/files/storage/stats 304 - - 1.984 ms
2026-05-27 14:57:57: ============================================
2026-05-27 14:57:57:   企业网盘管理系统 v1.0.0
2026-05-27 14:57:57:   Cloud Drive Management System
2026-05-27 14:57:57: ============================================
2026-05-27 14:57:57:   HTTP:  http://192.168.101.26:3000
2026-05-27 14:57:57:   HTTPS: https://192.168.101.26:3443
2026-05-27 14:57:57:   API地址:  http://localhost:3000/api
2026-05-27 14:57:57:   管理后台: http://localhost:3000/admin
2026-05-27 14:57:57:   运行环境: production
2026-05-27 14:57:57:   SSL: 已启用
2026-05-27 14:57:57: ============================================
2026-05-27 14:57:57:   启动时间: 2026/5/27 14:57:57
2026-05-27 14:57:57: ============================================
2026-05-27 14:57:57:   HTTP:  http://localhost:3000
2026-05-27 14:57:57:   HTTPS: https://localhost:3443
2026-05-27 14:57:57: [DB] 数据库连接成功
2026-05-27 14:58:03: [2026-05-27T06:58:03.613Z] POST /api/files/upload 201 176 - 19.738 ms
2026-05-27 14:58:12: [2026-05-27T06:58:12.451Z] GET /file-manager.html?type=recent 304 - - 1.068 ms
2026-05-27 14:58:12: [2026-05-27T06:58:12.479Z] GET /css/style.css 304 - - 0.965 ms
2026-05-27 14:58:12: [2026-05-27T06:58:12.481Z] GET /js/api.js 304 - - 0.907 ms
2026-05-27 14:58:12: [2026-05-27T06:58:12.483Z] GET /js/auth.js 304 - - 0.449 ms
2026-05-27 14:58:12: [2026-05-27T06:58:12.749Z] GET /api/files/recent?limit=50 304 - - 4.353 ms
2026-05-27 14:58:12: [2026-05-27T06:58:12.766Z] GET /favicon.ico 304 - - 1.260 ms
2026-05-27 14:58:13: [2026-05-27T06:58:13.439Z] GET /file-manager.html?type=shared 304 - - 0.412 ms
2026-05-27 14:58:13: [2026-05-27T06:58:13.473Z] GET /css/style.css 304 - - 1.050 ms
2026-05-27 14:58:13: [2026-05-27T06:58:13.473Z] GET /js/api.js 304 - - 0.492 ms
2026-05-27 14:58:13: [2026-05-27T06:58:13.473Z] GET /js/auth.js 304 - - 0.640 ms
2026-05-27 14:58:13: [2026-05-27T06:58:13.779Z] GET /api/files/shared 304 - - 3.273 ms
2026-05-27 14:58:13: [2026-05-27T06:58:13.812Z] GET /favicon.ico 304 - - 0.875 ms
2026-05-27 14:58:14: [2026-05-27T06:58:14.353Z] GET /file-manager.html 304 - - 0.358 ms
2026-05-27 14:58:14: [2026-05-27T06:58:14.392Z] GET /css/style.css 304 - - 0.344 ms
2026-05-27 14:58:14: [2026-05-27T06:58:14.393Z] GET /js/api.js 304 - - 0.460 ms
2026-05-27 14:58:14: [2026-05-27T06:58:14.394Z] GET /js/auth.js 304 - - 0.301 ms
2026-05-27 14:58:14: [2026-05-27T06:58:14.819Z] GET /api/files?page=1&pageSize=50&sort=updated_at&order=desc 200 883 - 5.455 ms
2026-05-27 14:58:14: [2026-05-27T06:58:14.845Z] GET /favicon.ico 304 - - 0.472 ms
2026-05-27 14:58:16: [2026-05-27T06:58:16.321Z] GET /api/files?page=1&pageSize=50&sort=updated_at&order=desc&folder_id=1 200 643 - 3.128 ms
2026-05-27 14:58:16: [2026-05-27T06:58:16.328Z] GET /api/files/folders? 304 - - 2.280 ms
2026-05-27 14:58:21: [2026-05-27T06:58:21.103Z] POST /api/files/check-hash 200 36 - 1.510 ms
2026-05-27 14:58:21: [2026-05-27T06:58:21.116Z] POST /api/files/upload 201 181 - 9.653 ms
2026-05-27 14:58:22: [2026-05-27T06:58:22.141Z] GET /api/files?page=1&pageSize=50&sort=updated_at&order=desc&folder_id=1 200 1171 - 3.840 ms
2026-05-27 14:58:22: [2026-05-27T06:58:22.148Z] GET /api/files/folders? 304 - - 2.218 ms
2026-05-27 14:58:25: [2026-05-27T06:58:25.969Z] GET /file-manager.html 304 - - 0.314 ms
2026-05-27 14:58:26: [2026-05-27T06:58:26.004Z] GET /css/style.css 304 - - 0.314 ms
2026-05-27 14:58:26: [2026-05-27T06:58:26.007Z] GET /js/api.js 304 - - 0.845 ms
2026-05-27 14:58:26: [2026-05-27T06:58:26.007Z] GET /js/auth.js 304 - - 0.322 ms
2026-05-27 14:58:26: [2026-05-27T06:58:26.251Z] GET /api/files?page=1&pageSize=50&sort=updated_at&order=desc 200 1413 - 4.952 ms
2026-05-27 14:58:26: [2026-05-27T06:58:26.275Z] GET /favicon.ico 304 - - 0.524 ms
2026-05-27 14:58:27: [2026-05-27T06:58:27.159Z] GET /file-manager.html?type=recent 304 - - 0.339 ms
2026-05-27 14:58:27: [2026-05-27T06:58:27.189Z] GET /css/style.css 304 - - 0.338 ms
2026-05-27 14:58:27: [2026-05-27T06:58:27.191Z] GET /js/api.js 304 - - 0.583 ms
2026-05-27 14:58:27: [2026-05-27T06:58:27.192Z] GET /js/auth.js 304 - - 0.568 ms
2026-05-27 14:58:27: [2026-05-27T06:58:27.407Z] GET /api/files/recent?limit=50 200 985 - 2.080 ms
2026-05-27 14:58:27: [2026-05-27T06:58:27.428Z] GET /favicon.ico 304 - - 0.466 ms
2026-05-27 14:58:27: [2026-05-27T06:58:27.732Z] GET /file-manager.html?type=shared 304 - - 0.295 ms
2026-05-27 14:58:27: [2026-05-27T06:58:27.761Z] GET /css/style.css 304 - - 0.369 ms
2026-05-27 14:58:27: [2026-05-27T06:58:27.766Z] GET /js/api.js 304 - - 0.777 ms
2026-05-27 14:58:27: [2026-05-27T06:58:27.766Z] GET /js/auth.js 304 - - 0.746 ms
2026-05-27 14:58:28: [2026-05-27T06:58:28.010Z] GET /api/files/shared 304 - - 1.876 ms
2026-05-27 14:58:28: [2026-05-27T06:58:28.044Z] GET /favicon.ico 304 - - 0.563 ms
2026-05-27 14:58:28: [2026-05-27T06:58:28.536Z] GET /file-manager.html?type=recent 304 - - 0.350 ms
2026-05-27 14:58:28: [2026-05-27T06:58:28.567Z] GET /css/style.css 304 - - 0.437 ms
2026-05-27 14:58:28: [2026-05-27T06:58:28.568Z] GET /js/api.js 304 - - 0.531 ms
2026-05-27 14:58:28: [2026-05-27T06:58:28.568Z] GET /js/auth.js 304 - - 0.482 ms
2026-05-27 14:58:28: [2026-05-27T06:58:28.913Z] GET /api/files/recent?limit=50 304 - - 2.974 ms
2026-05-27 14:58:28: [2026-05-27T06:58:28.944Z] GET /favicon.ico 304 - - 0.440 ms
2026-05-27 14:58:33: [2026-05-27T06:58:33.702Z] DELETE /api/files/5 200 40 - 5.289 ms
2026-05-27 14:58:33: [2026-05-27T06:58:33.706Z] GET /api/files/recent?limit=50 200 503 - 1.066 ms
2026-05-27 14:58:35: [2026-05-27T06:58:35.390Z] GET /file-manager.html?type=shared 304 - - 0.320 ms
2026-05-27 14:58:35: [2026-05-27T06:58:35.429Z] GET /css/style.css 304 - - 0.300 ms
2026-05-27 14:58:35: [2026-05-27T06:58:35.433Z] GET /js/api.js 304 - - 2.181 ms
2026-05-27 14:58:35: [2026-05-27T06:58:35.436Z] GET /js/auth.js 304 - - 0.488 ms
2026-05-27 14:58:35: [2026-05-27T06:58:35.652Z] GET /api/files/shared 304 - - 2.546 ms
2026-05-27 14:58:35: [2026-05-27T06:58:35.675Z] GET /favicon.ico 304 - - 0.503 ms
2026-05-27 14:58:42: [2026-05-27T06:58:42.038Z] GET /file-manager.html?type=recent 304 - - 0.276 ms
2026-05-27 14:58:42: [2026-05-27T06:58:42.062Z] GET /css/style.css 304 - - 0.383 ms
2026-05-27 14:58:42: [2026-05-27T06:58:42.066Z] GET /js/api.js 304 - - 2.640 ms
2026-05-27 14:58:42: [2026-05-27T06:58:42.067Z] GET /js/auth.js 304 - - 0.255 ms
2026-05-27 14:58:42: [2026-05-27T06:58:42.297Z] GET /api/files/recent?limit=50 304 - - 3.289 ms
2026-05-27 14:58:42: [2026-05-27T06:58:42.328Z] GET /favicon.ico 304 - - 1.111 ms
2026-05-27 14:58:55: [2026-05-27T06:58:55.456Z] POST /api/files/share/10 200 130 - 71.277 ms
2026-05-27 14:59:02: [2026-05-27T06:59:02.411Z] GET /s/4cdf326c 200 1503 - 6.832 ms
2026-05-27 14:59:02: [2026-05-27T06:59:02.625Z] GET /favicon.ico 304 - - 0.469 ms
2026-05-27 14:59:03: [2026-05-27T06:59:03.697Z] GET /api/public/download/4cdf326c 200 363528 - 6.900 ms
2026-05-27 15:00:40: [2026-05-27T07:00:40.741Z] GET /file-manager.html?type=shared 304 - - 0.517 ms
2026-05-27 15:00:40: [2026-05-27T07:00:40.778Z] GET /css/style.css 304 - - 0.448 ms
2026-05-27 15:00:40: [2026-05-27T07:00:40.783Z] GET /js/api.js 304 - - 1.344 ms
2026-05-27 15:00:40: [2026-05-27T07:00:40.784Z] GET /js/auth.js 304 - - 1.098 ms
2026-05-27 15:00:41: [2026-05-27T07:00:41.029Z] GET /api/files/shared 200 438 - 2.118 ms
2026-05-27 15:00:41: [2026-05-27T07:00:41.067Z] GET /favicon.ico 304 - - 0.816 ms
2026-05-27 15:00:41: [2026-05-27T07:00:41.390Z] GET /admin/groups.html 304 - - 0.336 ms
2026-05-27 15:00:41: [2026-05-27T07:00:41.423Z] GET /css/style.css 304 - - 0.360 ms
2026-05-27 15:00:41: [2026-05-27T07:00:41.424Z] GET /js/api.js 304 - - 0.629 ms
2026-05-27 15:00:41: [2026-05-27T07:00:41.424Z] GET /js/auth.js 304 - - 0.438 ms
2026-05-27 15:00:41: [2026-05-27T07:00:41.445Z] GET /api/groups?page=1&pageSize=20&keyword= 304 - - 4.824 ms
2026-05-27 15:00:41: [2026-05-27T07:00:41.476Z] GET /favicon.ico 304 - - 0.697 ms
2026-05-27 15:00:42: [2026-05-27T07:00:42.685Z] GET /api/files/storage/stats 200 175 - 6.358 ms
2026-05-27 15:00:42: [2026-05-27T07:00:42.693Z] GET /api/groups?page=1&pageSize=100 304 - - 2.537 ms
2026-05-27 15:00:42: [2026-05-27T07:00:42.704Z] GET /api/files/storage/group-stats/1 304 - - 4.532 ms
2026-05-27 15:00:45: [2026-05-27T07:00:45.487Z] GET /file-manager.html 304 - - 0.295 ms
2026-05-27 15:00:45: [2026-05-27T07:00:45.530Z] GET /css/style.css 304 - - 3.149 ms
2026-05-27 15:00:45: [2026-05-27T07:00:45.530Z] GET /js/api.js 304 - - 3.829 ms
2026-05-27 15:00:45: [2026-05-27T07:00:45.530Z] GET /js/auth.js 304 - - 3.716 ms
2026-05-27 15:00:45: [2026-05-27T07:00:45.762Z] GET /api/files?page=1&pageSize=50&sort=updated_at&order=desc 200 876 - 3.512 ms
2026-05-27 15:00:45: [2026-05-27T07:00:45.784Z] GET /favicon.ico 304 - - 0.520 ms
2026-05-27 15:00:46: [2026-05-27T07:00:46.046Z] GET /dashboard.html 304 - - 0.995 ms
2026-05-27 15:00:46: [2026-05-27T07:00:46.070Z] GET /css/style.css 304 - - 0.451 ms
2026-05-27 15:00:46: [2026-05-27T07:00:46.071Z] GET /js/api.js 304 - - 0.799 ms
2026-05-27 15:00:46: [2026-05-27T07:00:46.072Z] GET /js/auth.js 304 - - 0.672 ms
2026-05-27 15:00:46: [2026-05-27T07:00:46.092Z] GET /api/files/storage/stats 304 - - 3.042 ms
2026-05-27 15:00:46: [2026-05-27T07:00:46.112Z] GET /favicon.ico 304 - - 0.583 ms
2026-05-27 15:00:46: [2026-05-27T07:00:46.113Z] GET /api/files/recent?limit=15 200 503 - 2.680 ms
2026-05-27 15:00:47: [2026-05-27T07:00:47.463Z] GET /admin/groups.html 304 - - 0.312 ms
2026-05-27 15:00:47: [2026-05-27T07:00:47.493Z] GET /css/style.css 304 - - 0.306 ms
2026-05-27 15:00:47: [2026-05-27T07:00:47.494Z] GET /js/api.js 304 - - 0.272 ms
2026-05-27 15:00:47: [2026-05-27T07:00:47.496Z] GET /js/auth.js 304 - - 0.347 ms
2026-05-27 15:00:47: [2026-05-27T07:00:47.515Z] GET /api/groups?page=1&pageSize=20&keyword= 304 - - 3.508 ms
2026-05-27 15:00:47: [2026-05-27T07:00:47.541Z] GET /favicon.ico 304 - - 0.497 ms
2026-05-27 15:00:52: [2026-05-27T07:00:52.100Z] GET /api/groups/1 200 541 - 4.168 ms
2026-05-27 15:00:56: [2026-05-27T07:00:56.842Z] GET /api/groups/1 304 - - 3.258 ms
2026-05-27 15:01:07: [2026-05-27T07:01:07.477Z] GET /api/groups/1 304 - - 3.322 ms
2026-05-27 15:01:12: [2026-05-27T07:01:12.267Z] POST /api/groups/1/members 200 40 - 7.986 ms
2026-05-27 15:01:14: [2026-05-27T07:01:14.329Z] POST /api/groups/1/members 403 52 - 3.913 ms
2026-05-27 15:01:17: [2026-05-27T07:01:17.489Z] POST /api/groups/1/members 403 52 - 3.126 ms
2026-05-27 15:01:20: [2026-05-27T07:01:20.119Z] GET /api/groups/1 200 542 - 2.170 ms
2026-05-27 15:01:22: [2026-05-27T07:01:22.096Z] POST /api/groups/1/members 403 52 - 3.172 ms
2026-05-27 15:01:29: [2026-05-27T07:01:29.106Z] GET /dashboard.html 304 - - 0.438 ms
2026-05-27 15:01:29: [2026-05-27T07:01:29.137Z] GET /css/style.css 304 - - 0.327 ms
2026-05-27 15:01:29: [2026-05-27T07:01:29.139Z] GET /js/api.js 304 - - 0.722 ms
2026-05-27 15:01:29: [2026-05-27T07:01:29.141Z] GET /js/auth.js 304 - - 0.283 ms
2026-05-27 15:01:29: [2026-05-27T07:01:29.161Z] GET /api/files/storage/stats 304 - - 2.163 ms
2026-05-27 15:01:29: [2026-05-27T07:01:29.179Z] GET /api/files/recent?limit=15 304 - - 2.051 ms
2026-05-27 15:01:29: [2026-05-27T07:01:29.186Z] GET /favicon.ico 304 - - 0.449 ms
2026-05-27 15:01:29: [2026-05-27T07:01:29.904Z] GET /file-manager.html?type=shared 304 - - 0.769 ms
2026-05-27 15:01:29: [2026-05-27T07:01:29.942Z] GET /css/style.css 304 - - 1.296 ms
2026-05-27 15:01:29: [2026-05-27T07:01:29.943Z] GET /js/api.js 304 - - 0.913 ms
2026-05-27 15:01:29: [2026-05-27T07:01:29.943Z] GET /js/auth.js 304 - - 0.636 ms
2026-05-27 15:01:30: [2026-05-27T07:01:30.164Z] GET /api/files/shared 304 - - 2.080 ms
2026-05-27 15:01:30: [2026-05-27T07:01:30.186Z] GET /favicon.ico 304 - - 0.521 ms
2026-05-27 15:01:30: [2026-05-27T07:01:30.354Z] GET /admin/groups.html 304 - - 0.275 ms
2026-05-27 15:01:30: [2026-05-27T07:01:30.388Z] GET /css/style.css 304 - - 0.476 ms
2026-05-27 15:01:30: [2026-05-27T07:01:30.389Z] GET /js/api.js 304 - - 0.806 ms
2026-05-27 15:01:30: [2026-05-27T07:01:30.390Z] GET /js/auth.js 304 - - 0.416 ms
2026-05-27 15:01:30: [2026-05-27T07:01:30.408Z] GET /api/groups?page=1&pageSize=20&keyword= 200 327 - 3.669 ms
2026-05-27 15:01:30: [2026-05-27T07:01:30.436Z] GET /favicon.ico 304 - - 0.519 ms
2026-05-27 15:06:45: [2026-05-27T07:06:45.094Z] GET /admin/groups.html 304 - - 0.464 ms
2026-05-27 15:06:45: [2026-05-27T07:06:45.127Z] GET /css/style.css 304 - - 1.857 ms
2026-05-27 15:06:45: [2026-05-27T07:06:45.127Z] GET /js/api.js 304 - - 1.060 ms
2026-05-27 15:06:45: [2026-05-27T07:06:45.127Z] GET /js/auth.js 304 - - 0.195 ms
2026-05-27 15:06:45: [2026-05-27T07:06:45.148Z] GET /api/groups?page=1&pageSize=20&keyword= 304 - - 3.154 ms
2026-05-27 15:06:45: [2026-05-27T07:06:45.181Z] GET /favicon.ico 304 - - 0.427 ms
2026-05-27 15:11:27: [2026-05-27T07:11:27.167Z] GET /api/files/storage/stats 304 - - 2.343 ms
2026-05-27 15:11:27: [2026-05-27T07:11:27.175Z] GET /api/groups?page=1&pageSize=100 200 328 - 3.149 ms
2026-05-27 15:11:27: [2026-05-27T07:11:27.180Z] GET /api/files/storage/group-stats/1 304 - - 1.735 ms
2026-05-27 15:11:32: [2026-05-27T07:11:32.979Z] GET /api/files/storage/stats 304 - - 3.734 ms
2026-05-27 15:11:32: [2026-05-27T07:11:32.989Z] GET /api/groups?page=1&pageSize=100 304 - - 3.097 ms
2026-05-27 15:11:32: [2026-05-27T07:11:32.996Z] GET /api/files/storage/group-stats/1 304 - - 2.464 ms
2026-05-27 15:11:46: [2026-05-27T07:11:46.416Z] GET /file-manager.html 200 45655 - 0.946 ms
2026-05-27 15:11:46: [2026-05-27T07:11:46.447Z] GET /css/style.css 304 - - 0.601 ms
2026-05-27 15:11:46: [2026-05-27T07:11:46.449Z] GET /js/auth.js 304 - - 0.286 ms
2026-05-27 15:11:46: [2026-05-27T07:11:46.449Z] GET /js/api.js 200 7496 - 1.832 ms
2026-05-27 15:11:46: [2026-05-27T07:11:46.699Z] GET /api/files?page=1&pageSize=50&sort=updated_at&order=desc 304 - - 3.339 ms
2026-05-27 15:11:46: [2026-05-27T07:11:46.785Z] GET /favicon.ico 304 - - 0.552 ms
2026-05-27 15:11:47: [2026-05-27T07:11:47.069Z] GET /dashboard.html 304 - - 0.265 ms
2026-05-27 15:11:47: [2026-05-27T07:11:47.093Z] GET /js/api.js 304 - - 0.363 ms
2026-05-27 15:11:47: [2026-05-27T07:11:47.094Z] GET /css/style.css 200 19747 - 1.447 ms
2026-05-27 15:11:47: [2026-05-27T07:11:47.094Z] GET /js/auth.js 304 - - 0.201 ms
2026-05-27 15:11:47: [2026-05-27T07:11:47.110Z] GET /api/files/storage/stats 304 - - 2.612 ms
2026-05-27 15:11:47: [2026-05-27T07:11:47.137Z] GET /api/files/recent?limit=15 304 - - 2.660 ms
2026-05-27 15:11:47: [2026-05-27T07:11:47.138Z] GET /favicon.ico 304 - - 0.820 ms
2026-05-27 15:11:48: [2026-05-27T07:11:48.751Z] GET /admin/groups.html 304 - - 0.317 ms
2026-05-27 15:11:48: [2026-05-27T07:11:48.785Z] GET /css/style.css 304 - - 0.684 ms
2026-05-27 15:11:48: [2026-05-27T07:11:48.785Z] GET /js/api.js 304 - - 0.878 ms
2026-05-27 15:11:48: [2026-05-27T07:11:48.785Z] GET /js/auth.js 304 - - 0.421 ms
2026-05-27 15:11:48: [2026-05-27T07:11:48.803Z] GET /api/groups?page=1&pageSize=20&keyword= 304 - - 3.444 ms
2026-05-27 15:11:48: [2026-05-27T07:11:48.828Z] GET /favicon.ico 304 - - 0.619 ms
2026-05-27 15:11:49: [2026-05-27T07:11:49.351Z] GET /api/files/storage/stats 304 - - 1.879 ms
2026-05-27 15:11:49: [2026-05-27T07:11:49.371Z] GET /api/groups?page=1&pageSize=100 304 - - 3.395 ms
2026-05-27 15:11:49: [2026-05-27T07:11:49.376Z] GET /api/files/storage/group-stats/1 304 - - 1.693 ms
2026-05-27 15:14:42: [2026-05-27T07:14:42.116Z] GET /api/groups/1 304 - - 3.645 ms
2026-05-27 15:14:44: [2026-05-27T07:14:44.810Z] GET /api/groups/1 304 - - 2.941 ms
2026-05-27 15:15:32: ============================================
2026-05-27 15:15:32:   企业网盘管理系统 v1.0.0
2026-05-27 15:15:32:   Cloud Drive Management System
2026-05-27 15:15:32: ============================================
2026-05-27 15:15:32:   HTTP:  http://192.168.101.26:3000
2026-05-27 15:15:32:   HTTPS: https://192.168.101.26:3443
2026-05-27 15:15:32:   API地址:  http://localhost:3000/api
2026-05-27 15:15:32:   管理后台: http://localhost:3000/admin
2026-05-27 15:15:32:   运行环境: production
2026-05-27 15:15:32:   SSL: 已启用
2026-05-27 15:15:32: ============================================
2026-05-27 15:15:32:   启动时间: 2026/5/27 15:15:32
2026-05-27 15:15:32: ============================================
2026-05-27 15:15:32:   HTTP:  http://localhost:3000
2026-05-27 15:15:32:   HTTPS: https://localhost:3443
2026-05-27 15:15:32: [DB] 数据库连接成功
2026-05-27 15:16:27: [2026-05-27T07:16:27.295Z] GET /dashboard.html 304 - - 1.535 ms
2026-05-27 15:16:27: [2026-05-27T07:16:27.325Z] GET /css/style.css 304 - - 1.166 ms
2026-05-27 15:16:27: [2026-05-27T07:16:27.326Z] GET /js/api.js 304 - - 0.853 ms
2026-05-27 15:16:27: [2026-05-27T07:16:27.330Z] GET /js/auth.js 200 4878 - 2.965 ms
2026-05-27 15:16:27: [2026-05-27T07:16:27.358Z] GET /api/files/storage/stats 304 - - 9.299 ms
2026-05-27 15:16:27: [2026-05-27T07:16:27.385Z] GET /favicon.ico 304 - - 1.936 ms
2026-05-27 15:16:27: [2026-05-27T07:16:27.386Z] GET /api/files/recent?limit=15 304 - - 3.944 ms
2026-05-27 15:16:28: [2026-05-27T07:16:28.272Z] GET /login.html 200 11181 - 0.699 ms
2026-05-27 15:16:28: [2026-05-27T07:16:28.306Z] GET /css/style.css 304 - - 0.535 ms
2026-05-27 15:16:28: [2026-05-27T07:16:28.309Z] GET /js/api.js 304 - - 1.312 ms
2026-05-27 15:16:28: [2026-05-27T07:16:28.310Z] GET /js/auth.js 304 - - 0.367 ms
2026-05-27 15:16:28: [2026-05-27T07:16:28.344Z] GET /favicon.ico 304 - - 0.669 ms
2026-05-27 15:16:48: [2026-05-27T07:16:48.356Z] POST /api/auth/login 200 654 - 62.906 ms
2026-05-27 15:16:48: [2026-05-27T07:16:48.684Z] GET /dashboard.html 304 - - 0.379 ms
2026-05-27 15:16:48: [2026-05-27T07:16:48.718Z] GET /css/style.css 304 - - 0.378 ms
2026-05-27 15:16:48: [2026-05-27T07:16:48.720Z] GET /js/api.js 304 - - 0.595 ms
2026-05-27 15:16:48: [2026-05-27T07:16:48.720Z] GET /js/auth.js 304 - - 0.230 ms
2026-05-27 15:16:48: [2026-05-27T07:16:48.738Z] GET /api/files/storage/stats 200 328 - 3.105 ms
2026-05-27 15:16:48: [2026-05-27T07:16:48.775Z] GET /favicon.ico 304 - - 2.482 ms
2026-05-27 15:16:48: [2026-05-27T07:16:48.776Z] GET /api/files/recent?limit=15 200 3309 - 6.021 ms
2026-05-27 15:16:51: [2026-05-27T07:16:51.231Z] GET /admin/groups.html 200 24205 - 0.660 ms
2026-05-27 15:16:51: [2026-05-27T07:16:51.267Z] GET /css/style.css 304 - - 0.328 ms
2026-05-27 15:16:51: [2026-05-27T07:16:51.269Z] GET /js/api.js 304 - - 0.683 ms
2026-05-27 15:16:51: [2026-05-27T07:16:51.269Z] GET /js/auth.js 304 - - 0.625 ms
2026-05-27 15:16:51: [2026-05-27T07:16:51.288Z] GET /api/groups?page=1&pageSize=20&keyword= 200 326 - 3.697 ms
2026-05-27 15:16:51: [2026-05-27T07:16:51.305Z] GET /favicon.ico 304 - - 0.420 ms
2026-05-27 15:16:55: [2026-05-27T07:16:55.903Z] GET /admin/users.html 200 25107 - 0.842 ms
2026-05-27 15:16:55: [2026-05-27T07:16:55.930Z] GET /css/style.css 304 - - 0.915 ms
2026-05-27 15:16:55: [2026-05-27T07:16:55.931Z] GET /js/api.js 304 - - 0.997 ms
2026-05-27 15:16:55: [2026-05-27T07:16:55.931Z] GET /js/auth.js 304 - - 0.488 ms
2026-05-27 15:16:55: [2026-05-27T07:16:55.955Z] GET /api/users?page=1&pageSize=20&keyword=&role=&status= 200 1247 - 3.376 ms
2026-05-27 15:16:55: [2026-05-27T07:16:55.991Z] GET /favicon.ico 304 - - 0.535 ms
2026-05-27 15:17:14: [2026-05-27T07:17:14.103Z] PUT /api/users/7/admin 200 46 - 2.921 ms
2026-05-27 15:17:14: [2026-05-27T07:17:14.111Z] GET /api/users?page=1&pageSize=20&keyword=&role=&status= 200 1247 - 2.519 ms
2026-05-27 15:17:16: [2026-05-27T07:17:16.721Z] PUT /api/users/7/admin 200 46 - 2.584 ms
2026-05-27 15:17:16: [2026-05-27T07:17:16.735Z] GET /api/users?page=1&pageSize=20&keyword=&role=&status= 304 - - 2.821 ms
2026-05-27 15:17:19: [2026-05-27T07:17:19.368Z] PUT /api/users/7/admin 200 46 - 4.499 ms
2026-05-27 15:17:19: [2026-05-27T07:17:19.376Z] GET /api/users?page=1&pageSize=20&keyword=&role=&status= 200 1247 - 3.014 ms
2026-05-27 15:17:21: [2026-05-27T07:17:21.679Z] PUT /api/users/7/admin 200 46 - 4.144 ms
2026-05-27 15:17:21: [2026-05-27T07:17:21.686Z] GET /api/users?page=1&pageSize=20&keyword=&role=&status= 200 1247 - 2.266 ms
2026-05-27 15:17:23: [2026-05-27T07:17:23.978Z] PUT /api/users/7/admin 200 46 - 5.342 ms
2026-05-27 15:17:23: [2026-05-27T07:17:23.996Z] GET /api/users?page=1&pageSize=20&keyword=&role=&status= 200 1247 - 2.236 ms
2026-05-27 15:17:27: [2026-05-27T07:17:27.964Z] PUT /api/users/7/admin 200 46 - 4.321 ms
2026-05-27 15:17:27: [2026-05-27T07:17:27.971Z] GET /api/users?page=1&pageSize=20&keyword=&role=&status= 200 1247 - 2.787 ms
2026-05-27 15:17:33: [2026-05-27T07:17:33.807Z] GET /api/users/logs/operations?user_id=8&pageSize=50 200 6898 - 2.770 ms
2026-05-27 15:17:53: [2026-05-27T07:17:53.735Z] GET /api/users/logs/operations?user_id=7&pageSize=50 200 6898 - 3.613 ms
2026-05-27 15:17:55: [2026-05-27T07:17:55.779Z] GET /api/users/logs/operations?user_id=1&pageSize=50 200 6898 - 3.733 ms
2026-05-27 15:18:09: [2026-05-27T07:18:09.915Z] PUT /api/users/7/admin 200 46 - 1.408 ms
2026-05-27 15:18:09: [2026-05-27T07:18:09.923Z] GET /api/users?page=1&pageSize=20&keyword=&role=&status= 304 - - 2.014 ms
2026-05-27 15:18:14: [2026-05-27T07:18:14.419Z] PUT /api/users/5/admin 200 46 - 5.505 ms
2026-05-27 15:18:14: [2026-05-27T07:18:14.425Z] GET /api/users?page=1&pageSize=20&keyword=&role=&status= 200 1247 - 1.950 ms
2026-05-27 15:18:22: [2026-05-27T07:18:22.504Z] PUT /api/users/1/admin 400 52 - 1.368 ms
2026-05-27 15:18:30: [2026-05-27T07:18:30.087Z] GET /api/files/storage/stats 304 - - 4.254 ms
2026-05-27 15:18:30: [2026-05-27T07:18:30.096Z] GET /api/groups?page=1&pageSize=100 200 327 - 2.367 ms
2026-05-27 15:18:30: [2026-05-27T07:18:30.105Z] GET /api/files/storage/group-stats/1 304 - - 4.839 ms
2026-05-27 15:18:32: [2026-05-27T07:18:32.977Z] GET /api/files/storage/stats 304 - - 3.313 ms
2026-05-27 15:18:32: [2026-05-27T07:18:32.987Z] GET /api/groups?page=1&pageSize=100 304 - - 2.988 ms
2026-05-27 15:18:32: [2026-05-27T07:18:32.993Z] GET /api/files/storage/group-stats/1 304 - - 2.109 ms
2026-05-27 15:18:42: [2026-05-27T07:18:42.209Z] GET /api/health 200 131 - 1.087 ms
2026-05-27 15:18:42: [2026-05-27T07:18:42.227Z] POST /api/auth/forgot-password 400 46 - 0.326 ms
2026-05-27 15:18:42: [2026-05-27T07:18:42.244Z] POST /api/public/verify-share/invalid 404 55 - 0.957 ms
2026-05-27 15:19:09: [2026-05-27T07:19:09.382Z] GET /admin/users.html 304 - - 0.714 ms
2026-05-27 15:19:09: [2026-05-27T07:19:09.412Z] GET /css/style.css 304 - - 1.034 ms
2026-05-27 15:19:09: [2026-05-27T07:19:09.413Z] GET /js/api.js 304 - - 2.466 ms
2026-05-27 15:19:09: [2026-05-27T07:19:09.414Z] GET /js/auth.js 304 - - 1.073 ms
2026-05-27 15:19:09: [2026-05-27T07:19:09.439Z] GET /api/users?page=1&pageSize=20&keyword=&role=&status= 304 - - 1.868 ms
2026-05-27 15:19:09: [2026-05-27T07:19:09.525Z] GET /favicon.ico 304 - - 0.424 ms
2026-05-27 15:19:10: [2026-05-27T07:19:10.272Z] GET /dashboard.html 304 - - 0.299 ms
2026-05-27 15:19:10: [2026-05-27T07:19:10.310Z] GET /css/style.css 304 - - 0.496 ms
2026-05-27 15:19:10: [2026-05-27T07:19:10.313Z] GET /js/api.js 304 - - 0.335 ms
2026-05-27 15:19:10: [2026-05-27T07:19:10.313Z] GET /js/auth.js 304 - - 0.295 ms
2026-05-27 15:19:10: [2026-05-27T07:19:10.329Z] GET /api/files/storage/stats 304 - - 3.384 ms
2026-05-27 15:19:10: [2026-05-27T07:19:10.350Z] GET /api/files/recent?limit=15 304 - - 2.669 ms
2026-05-27 15:19:10: [2026-05-27T07:19:10.354Z] GET /favicon.ico 304 - - 0.491 ms
2026-05-27 15:19:18: [2026-05-27T07:19:18.818Z] GET /api/files/download/9?token=eyJhbGciOiJIUzI1NiIsInR5cCI6IkpXVCJ9.eyJpZCI6MSwidXNlcm5hbWUiOiJhZG1pbiIsInJvbGUiOiJhZG1pbiIsImlhdCI6MTc3OTg2NjIwOCwiZXhwIjoxNzgwNDcxMDA4fQ.ccOJl2NYGkLrndzNxbMyt94qHkWMkR-HmVkESbAi-pI 200 16 - 4.861 ms
2026-05-27 15:19:25: [2026-05-27T07:19:25.001Z] GET /file-manager.html?type=recent 200 64734 - 0.722 ms
2026-05-27 15:19:25: [2026-05-27T07:19:25.026Z] GET /css/style.css 304 - - 0.299 ms
2026-05-27 15:19:25: [2026-05-27T07:19:25.035Z] GET /js/api.js 304 - - 1.359 ms
2026-05-27 15:19:25: [2026-05-27T07:19:25.036Z] GET /js/auth.js 304 - - 0.868 ms
2026-05-27 15:19:25: [2026-05-27T07:19:25.207Z] GET /api/files/recent?limit=50 200 3309 - 2.246 ms
2026-05-27 15:19:25: [2026-05-27T07:19:25.242Z] GET /favicon.ico 304 - - 0.686 ms
2026-05-27 15:19:26: [2026-05-27T07:19:26.376Z] GET /file-manager.html 200 64734 - 0.919 ms
2026-05-27 15:19:26: [2026-05-27T07:19:26.407Z] GET /css/style.css 304 - - 0.321 ms
2026-05-27 15:19:26: [2026-05-27T07:19:26.409Z] GET /js/api.js 304 - - 0.608 ms
2026-05-27 15:19:26: [2026-05-27T07:19:26.410Z] GET /js/auth.js 304 - - 0.621 ms
2026-05-27 15:19:26: [2026-05-27T07:19:26.619Z] GET /api/files?page=1&pageSize=50&sort=updated_at&order=desc 200 4265 - 3.093 ms
2026-05-27 15:19:26: [2026-05-27T07:19:26.633Z] GET /favicon.ico 304 - - 0.508 ms
2026-05-27 15:19:32: [2026-05-27T07:19:32.758Z] DELETE /api/files/7 200 40 - 7.196 ms
2026-05-27 15:19:32: [2026-05-27T07:19:32.764Z] GET /api/files?page=1&pageSize=50&sort=updated_at&order=desc 200 3740 - 2.103 ms
2026-05-27 15:19:40: [2026-05-27T07:19:40.161Z] GET /online-edit.html?id=6 200 12410 - 0.763 ms
2026-05-27 15:19:40: [2026-05-27T07:19:40.192Z] GET /css/style.css 304 - - 0.359 ms
2026-05-27 15:19:40: [2026-05-27T07:19:40.194Z] GET /js/api.js 304 - - 0.501 ms
2026-05-27 15:19:40: [2026-05-27T07:19:40.195Z] GET /js/auth.js 304 - - 0.262 ms
2026-05-27 15:19:41: [2026-05-27T07:19:41.182Z] GET /api/files/preview/6 200 118 - 2.308 ms
2026-05-27 15:19:41: [2026-05-27T07:19:41.225Z] GET /favicon.ico 304 - - 0.657 ms
2026-05-27 15:19:44: [2026-05-27T07:19:44.189Z] GET /favicon.ico 304 - - 0.469 ms
2026-05-27 15:19:50: [2026-05-27T07:19:50.536Z] GET /online-edit.html?id=6 304 - - 0.305 ms
2026-05-27 15:19:50: [2026-05-27T07:19:50.576Z] GET /css/style.css 304 - - 0.276 ms
2026-05-27 15:19:50: [2026-05-27T07:19:50.578Z] GET /js/api.js 304 - - 0.217 ms
2026-05-27 15:19:50: [2026-05-27T07:19:50.582Z] GET /js/auth.js 304 - - 0.295 ms
2026-05-27 15:19:50: [2026-05-27T07:19:50.595Z] GET /api/files/preview/6 304 - - 3.022 ms
2026-05-27 15:19:50: [2026-05-27T07:19:50.618Z] GET /favicon.ico 304 - - 0.558 ms
2026-05-27 15:19:54: [2026-05-27T07:19:54.840Z] GET /api/files/versions/6 200 51 - 3.330 ms
2026-05-27 15:19:56: [2026-05-27T07:19:56.376Z] PUT /api/files/save/6 200 68 - 10.095 ms
2026-05-27 15:20:01: [2026-05-27T07:20:01.857Z] GET /favicon.ico 304 - - 0.574 ms
2026-05-27 15:20:03: [2026-05-27T07:20:03.071Z] GET /online-edit.html?id=6 304 - - 0.277 ms
2026-05-27 15:20:03: [2026-05-27T07:20:03.103Z] GET /css/style.css 304 - - 0.699 ms
2026-05-27 15:20:03: [2026-05-27T07:20:03.105Z] GET /js/api.js 304 - - 2.412 ms
2026-05-27 15:20:03: [2026-05-27T07:20:03.107Z] GET /js/auth.js 304 - - 0.378 ms
2026-05-27 15:20:03: [2026-05-27T07:20:03.125Z] GET /api/files/preview/6 200 125 - 2.246 ms
2026-05-27 15:20:03: [2026-05-27T07:20:03.151Z] GET /favicon.ico 304 - - 0.495 ms
2026-05-27 15:20:07: [2026-05-27T07:20:07.485Z] GET /favicon.ico 304 - - 0.428 ms
2026-05-27 15:20:12: [2026-05-27T07:20:12.338Z] GET /api/files/stats/folder/5 200 121 - 5.086 ms
2026-05-27 15:20:18: [2026-05-27T07:20:18.716Z] GET /api/files?page=1&pageSize=50&sort=updated_at&order=desc 200 3740 - 3.394 ms
2026-05-27 15:20:18: [2026-05-27T07:20:18.902Z] GET /api/files?page=1&pageSize=50&sort=updated_at&order=desc 304 - - 2.786 ms
2026-05-27 15:20:19: [2026-05-27T07:20:19.092Z] GET /api/files?page=1&pageSize=50&sort=updated_at&order=desc 304 - - 3.171 ms
2026-05-27 15:20:19: [2026-05-27T07:20:19.874Z] GET /api/files?page=1&pageSize=50&sort=updated_at&order=desc 304 - - 3.462 ms
2026-05-27 15:20:20: [2026-05-27T07:20:20.079Z] GET /api/files?page=1&pageSize=50&sort=updated_at&order=desc 304 - - 3.198 ms
2026-05-27 15:20:20: [2026-05-27T07:20:20.298Z] GET /api/files?page=1&pageSize=50&sort=updated_at&order=desc 304 - - 4.330 ms
2026-05-27 15:20:20: [2026-05-27T07:20:20.474Z] GET /api/files?page=1&pageSize=50&sort=updated_at&order=desc 304 - - 3.478 ms
2026-05-27 15:20:21: [2026-05-27T07:20:21.753Z] GET /api/files?page=1&pageSize=50&sort=updated_at&order=desc&type=video 200 587 - 4.214 ms
2026-05-27 15:20:23: [2026-05-27T07:20:23.304Z] GET /api/files?page=1&pageSize=50&sort=updated_at&order=desc&type=image 200 2678 - 3.213 ms
2026-05-27 15:20:24: [2026-05-27T07:20:24.704Z] GET /api/files?page=1&pageSize=50&sort=updated_at&order=desc&type=video 304 - - 2.990 ms
2026-05-27 15:20:26: [2026-05-27T07:20:26.018Z] GET /api/files?page=1&pageSize=50&sort=updated_at&order=desc&type=audio 200 587 - 3.150 ms
2026-05-27 15:20:27: [2026-05-27T07:20:27.651Z] GET /api/files?page=1&pageSize=50&sort=updated_at&order=desc&type=archive 200 587 - 3.219 ms
2026-05-27 15:20:29: [2026-05-27T07:20:29.377Z] GET /api/files?page=1&pageSize=50&sort=updated_at&order=desc&type=code 200 587 - 2.846 ms
2026-05-27 15:20:30: [2026-05-27T07:20:30.717Z] GET /api/files?page=1&pageSize=50&sort=updated_at&order=desc 304 - - 2.378 ms
2026-05-27 15:20:32: [2026-05-27T07:20:32.474Z] GET /api/files?page=1&pageSize=50&sort=updated_at&order=desc 304 - - 2.993 ms
2026-05-27 15:20:32: [2026-05-27T07:20:32.656Z] GET /api/files?page=1&pageSize=50&sort=updated_at&order=desc 304 - - 2.690 ms
2026-05-27 15:20:32: [2026-05-27T07:20:32.849Z] GET /api/files?page=1&pageSize=50&sort=updated_at&order=desc 304 - - 2.389 ms
2026-05-27 15:20:37: [2026-05-27T07:20:37.263Z] GET /api/files?page=1&pageSize=50&sort=updated_at&order=desc 304 - - 3.024 ms
2026-05-27 15:20:37: [2026-05-27T07:20:37.464Z] GET /api/files?page=1&pageSize=50&sort=updated_at&order=desc 304 - - 3.068 ms
2026-05-27 15:20:37: [2026-05-27T07:20:37.655Z] GET /api/files?page=1&pageSize=50&sort=updated_at&order=desc 304 - - 2.391 ms
2026-05-27 15:20:37: [2026-05-27T07:20:37.842Z] GET /api/files?page=1&pageSize=50&sort=updated_at&order=desc 304 - - 2.487 ms
2026-05-27 15:20:38: [2026-05-27T07:20:38.658Z] GET /dashboard.html 304 - - 0.452 ms
2026-05-27 15:20:38: [2026-05-27T07:20:38.698Z] GET /css/style.css 304 - - 0.309 ms
2026-05-27 15:20:38: [2026-05-27T07:20:38.702Z] GET /js/api.js 304 - - 0.869 ms
2026-05-27 15:20:38: [2026-05-27T07:20:38.702Z] GET /js/auth.js 304 - - 0.286 ms
2026-05-27 15:20:38: [2026-05-27T07:20:38.717Z] GET /api/files/storage/stats 200 328 - 2.601 ms
2026-05-27 15:20:38: [2026-05-27T07:20:38.745Z] GET /favicon.ico 304 - - 0.783 ms
2026-05-27 15:20:38: [2026-05-27T07:20:38.746Z] GET /api/files/recent?limit=15 200 2841 - 2.099 ms
2026-05-27 15:20:39: [2026-05-27T07:20:39.255Z] GET /file-manager.html 304 - - 0.345 ms
2026-05-27 15:20:39: [2026-05-27T07:20:39.291Z] GET /css/style.css 304 - - 0.275 ms
2026-05-27 15:20:39: [2026-05-27T07:20:39.293Z] GET /js/api.js 304 - - 1.154 ms
2026-05-27 15:20:39: [2026-05-27T07:20:39.293Z] GET /js/auth.js 304 - - 0.822 ms
2026-05-27 15:20:39: [2026-05-27T07:20:39.472Z] GET /api/files?page=1&pageSize=50&sort=updated_at&order=desc 304 - - 3.853 ms
2026-05-27 15:20:39: [2026-05-27T07:20:39.502Z] GET /favicon.ico 304 - - 0.584 ms
2026-05-27 15:20:47: [2026-05-27T07:20:47.471Z] DELETE /api/files/4 200 40 - 7.484 ms
2026-05-27 15:20:47: [2026-05-27T07:20:47.480Z] GET /api/files?page=1&pageSize=50&sort=updated_at&order=desc 200 3194 - 3.391 ms
2026-05-27 15:20:50: [2026-05-27T07:20:50.262Z] DELETE /api/files/8 200 40 - 7.516 ms
2026-05-27 15:20:50: [2026-05-27T07:20:50.273Z] GET /api/files?page=1&pageSize=50&sort=updated_at&order=desc 200 2667 - 3.391 ms
2026-05-27 15:20:51: [2026-05-27T07:20:51.952Z] GET /api/files/download/2?token=eyJhbGciOiJIUzI1NiIsInR5cCI6IkpXVCJ9.eyJpZCI6MSwidXNlcm5hbWUiOiJhZG1pbiIsInJvbGUiOiJhZG1pbiIsImlhdCI6MTc3OTg2NjIwOCwiZXhwIjoxNzgwNDcxMDA4fQ.ccOJl2NYGkLrndzNxbMyt94qHkWMkR-HmVkESbAi-pI 200 288594 - 7.731 ms
2026-05-27 15:20:53: [2026-05-27T07:20:53.924Z] GET /api/files/download/3?token=eyJhbGciOiJIUzI1NiIsInR5cCI6IkpXVCJ9.eyJpZCI6MSwidXNlcm5hbWUiOiJhZG1pbiIsInJvbGUiOiJhZG1pbiIsImlhdCI6MTc3OTg2NjIwOCwiZXhwIjoxNzgwNDcxMDA4fQ.ccOJl2NYGkLrndzNxbMyt94qHkWMkR-HmVkESbAi-pI 200 785896 - 6.425 ms
2026-05-27 15:20:59: [2026-05-27T07:20:59.633Z] GET /api/files/download/9?token=eyJhbGciOiJIUzI1NiIsInR5cCI6IkpXVCJ9.eyJpZCI6MSwidXNlcm5hbWUiOiJhZG1pbiIsInJvbGUiOiJhZG1pbiIsImlhdCI6MTc3OTg2NjIwOCwiZXhwIjoxNzgwNDcxMDA4fQ.ccOJl2NYGkLrndzNxbMyt94qHkWMkR-HmVkESbAi-pI 304 - - 4.749 ms
2026-05-27 15:21:07: [2026-05-27T07:21:07.378Z] GET /api/files/folders? 200 855 - 2.647 ms
2026-05-27 15:21:12: [2026-05-27T07:21:12.551Z] GET /admin/groups.html 304 - - 0.274 ms
2026-05-27 15:21:12: [2026-05-27T07:21:12.591Z] GET /css/style.css 304 - - 0.398 ms
2026-05-27 15:21:12: [2026-05-27T07:21:12.595Z] GET /js/api.js 304 - - 0.807 ms
2026-05-27 15:21:12: [2026-05-27T07:21:12.595Z] GET /js/auth.js 304 - - 0.815 ms
2026-05-27 15:21:12: [2026-05-27T07:21:12.627Z] GET /api/groups?page=1&pageSize=20&keyword= 304 - - 2.429 ms
2026-05-27 15:21:12: [2026-05-27T07:21:12.643Z] GET /favicon.ico 304 - - 0.355 ms
2026-05-27 15:21:13: [2026-05-27T07:21:13.350Z] GET /api/files/storage/stats 200 328 - 2.068 ms
2026-05-27 15:21:13: [2026-05-27T07:21:13.369Z] GET /api/groups?page=1&pageSize=100 304 - - 3.030 ms
2026-05-27 15:21:13: [2026-05-27T07:21:13.376Z] GET /api/files/storage/group-stats/1 304 - - 2.260 ms
2026-05-27 15:21:15: [2026-05-27T07:21:15.325Z] GET /admin/users.html 304 - - 0.310 ms
2026-05-27 15:21:15: [2026-05-27T07:21:15.353Z] GET /css/style.css 304 - - 0.620 ms
2026-05-27 15:21:15: [2026-05-27T07:21:15.359Z] GET /js/api.js 304 - - 0.338 ms
2026-05-27 15:21:15: [2026-05-27T07:21:15.359Z] GET /js/auth.js 304 - - 0.300 ms
2026-05-27 15:21:15: [2026-05-27T07:21:15.370Z] GET /api/users?page=1&pageSize=20&keyword=&role=&status= 200 1247 - 2.397 ms
2026-05-27 15:21:15: [2026-05-27T07:21:15.395Z] GET /favicon.ico 304 - - 0.598 ms
